# callgrind format
version: 1
creator: callgrind-3.25.1
pid: 249455
cmd:  /home/ardaozcan/Desktop/software-projects/c/gif/build/main
part: 1


desc: I1 cache: 
desc: D1 cache: 
desc: LL cache: 

desc: Timerange: Basic block 0 - 154701
desc: Trigger: Program termination

positions: line
events: Ir
summary: 852415


ob=(4) /usr/lib/valgrind/vgpreload_core-amd64-linux.so
fl=(160) ???
fn=(544) 0x00000000000010e0
0 12

fn=(906) 0x0000000000001090
0 9
cob=(2) /usr/lib/libc.so.6
cfi=(219) /usr/src/debug/glibc/glibc/stdlib/cxa_finalize.c
cfn=(888) __cxa_finalize
calls=1 45 
0 76
0 1
cfn=(914) 0x0000000000001020
calls=1 0 
0 5
0 3

fn=(914)
0 5

ob=(1) /usr/lib/ld-linux-x86-64.so.2
fl=(33) /usr/src/debug/glibc/glibc/string/../sysdeps/x86_64/multiarch/../multiarch/strcmp-sse2.S
fn=(258) strncmp
98 1
+27 1
+1 1
+1 1
+1 1
+1 1
+2 1
+1 1
+2 1
+1 1
+21 1
+1 1
+1 1
+1 1
+1 1
+1 1
+1 1
+1 1
+17 1
+1 1
+1 1
+1 1
+1 1
+1 1
+1 1
2104 1
+3 1
+1 1
+2 1
+1 1
+8 1
+1 1

fn=(100) strcmp
98 184
+33 184
+1 184
+2 184
+1 184
+21 184
+1 184
+1 92
+1 92
+1 64
+1 64
+1 64
+1 64
+17 64
+1 64
+1 64
+1 64
+1 64
+1 64
+1 64
+5 10
+1 30
+9 10
+1 10
+1 10
+1 10
+1 10
+1 10
+1 10
+1 10
-7 120
+1 120
+1 120
+1 120
+1 120
+1 120
+1 120
+1 120
+1 71
+1 49
+1 49
+1 49
+2 49
+1 49
+1 49
+1 49
+1 49
+1 49
-5 22
+1 22
+1 22
+1 22
+1 22
+1 22
+10 59
+1 59
+1 59
+2 59
+6 59
+1 59
+1 59
+1 59
+1 59
+5 59
+2 1
+1 1
+1 2
+8 1
+1 1
+3 1
+1 1
+1 1
+1 1
+1 1
+1 1
424 12
+1 12
+1 12
+1 12
+1 12
+2 12
+1 12
+1 12
+1 12
+1 12
+1 12
+1 12
+1 12
+3 12
+1 12
+1 12
+6 12
+1 12
+1 24
+4 12
+1 12
+3 12
+1 12
+1 12
+2 12
+1 12
+1 12
+4 12
+1 12
+1 12
+1 12
+1 12
+1 12
661 1
+1 1
+1 1
+1 1
+1 1
+2 1
+1 1
+1 1
+1 1
+1 1
+1 1
+1 1
+1 1
+4 1
+1 1
+1 1
+6 1
+1 1
+1 2
+4 1
+1 1
+3 1
+1 1
+1 1
+2 1
+1 1
+1 1
+4 1
+1 1
+1 1
+1 1
+1 1
+1 1
+69 1
+1 1
+1 1
+1 1
+1 1
+2 1
+1 1
+1 1
+1 1
+1 1
+1 1
+1 1
+1 1
+4 1
+1 1
+1 1
+6 1
+1 1
+1 2
+4 1
+1 1
+3 1
+1 1
+1 1
+2 1
+1 1
+1 1
+4 1
+1 1
+1 1
+1 1
+1 1
+1 1
+69 1
+1 1
+1 1
+1 1
+1 1
+2 1
+1 1
+1 1
+1 1
+1 1
+1 1
+1 1
+1 1
+4 1
+1 1
+1 1
+6 1
+1 1
+1 2
+4 1
+1 1
+3 1
+1 1
+1 1
+2 1
+1 1
+1 1
+4 1
+1 1
+1 1
+1 1
+1 1
+1 1
+7 1
+1 1
+2 1
+1 1
+2 1
+1 1
+1 1
+2 1
+1 1
+1 1
+4 1
+1 1
+1 1
+1 1
+1 1
+1 1
+41 1
+1 1
+1 1
+1 1
+1 1
+2 1
+1 1
+1 1
+1 1
+1 1
+1 1
+1 1
+1 1
+4 1
+1 1
+1 1
+6 1
+1 1
+1 2
+4 1
+1 1
+3 1
+1 1
+1 1
+2 1
+1 1
+1 1
+4 1
+1 1
+1 1
+1 1
+1 1
+1 1
+69 1
+1 1
+1 1
+1 1
+1 1
+2 1
+1 1
+1 1
+1 1
+1 1
+1 1
+1 1
1256 1
+1 1
+1 1
+1 1
+1 1
+2 1
+1 1
+1 1
+1 1
+1 1
+1 1
+1 1
+1 1
+4 1
+1 1
+1 1
+6 1
+1 1
+1 2
+4 1
+1 1
+3 1
+1 1
+1 1
+2 1
+1 1
+1 1
+4 1
+1 1
+1 1
+1 1
+1 1
+1 1
+69 3
+1 3
+1 3
+1 3
+1 3
+2 3
+1 3
+1 3
+1 3
+1 3
+1 3
+1 3
+1 1
+4 1
+1 1
+1 1
+6 1
+1 1
+1 2
+4 1
+1 1
+3 1
+1 1
+1 1
+2 1
+1 1
+1 1
+4 1
+1 1
+1 1
+1 1
+1 1
+1 1
+69 4
+1 4
+1 4
+1 4
+1 4
+2 4
+1 4
+1 4
+1 4
+1 4
+1 4
+1 4
+1 3
+4 3
+1 3
+1 3
+6 3
+1 3
+1 6
+4 3
+1 3
+3 3
+1 3
+1 3
+2 3
+1 3
+1 3
+4 3
+1 3
+1 3
+1 3
+1 3
+1 3
+69 5
+1 5
+1 5
+1 5
+1 5
+2 5
+1 5
+1 5
+1 5
+1 5
+1 5
+1 5
+1 4
+4 4
+1 4
+1 4
+6 4
+1 4
+1 8
+4 4
+1 4
+3 4
+1 4
+1 4
+2 4
+1 4
+1 4
+4 4
+1 4
+1 4
+1 4
+1 4
+1 4
+69 11
+1 11
+1 11
+1 11
+1 11
+2 11
+1 11
+1 11
+1 11
+1 11
+1 11
+1 11
+1 5
+4 5
+1 5
+1 5
+6 5
+1 5
+1 10
+4 5
+1 5
+3 5
+1 5
+1 5
+2 5
+1 5
+1 5
+4 5
+1 5
+1 5
+1 5
+1 5
+1 5
+69 22
+1 22
+1 22
+1 22
+1 22
+2 22
+1 22
+1 22
+1 22
+1 22
+1 22
+1 22
+1 19
+4 19
+1 19
+1 19
+6 19
+1 19
+1 38
+4 19
+1 19
+3 19
+1 19
+1 19
+2 19
+1 19
+1 19
+4 19
+1 19
+1 19
+1 19
+1 19
+1 19
+69 8
+1 8
+1 8
+1 8
+1 8
+2 8
+1 8
+1 8
+1 8
+1 8
+1 8
+1 8
+2 2
+4 2
+1 2
+1 2
+6 2
+1 2
+2 4
+4 2
+1 2
+3 2
+1 2
+1 2
+2 2
+1 2
+1 2
+4 2
+1 2
+1 2
+1 2
+1 2
+1 2
+71 52
+2 52
+1 52
+1 52
+1 52
-3 78
+1 78
+1 78
+1 78
+1 98
+5 49
+6 49
+1 49
+8 49
+1 49
-16 135
+6 135
+1 135
+8 135
+1 135

fl=(1) ???
fn=(0) 0x000000000001eb00
0 2
cfi=(2) /usr/src/debug/glibc/glibc/elf/rtld.c
cfn=(2) _dl_start
calls=1 520 
0 134257
0 8
cfi=(77) /usr/src/debug/glibc/glibc/elf/../sysdeps/x86_64/dl-cet.c
cfn=(532) _dl_cet_setup_features
calls=1 331 
0 4
0 10
cfi=(158) /usr/src/debug/glibc/glibc/elf/dl-init.c
cfn=(536) _dl_init
calls=1 81 
0 452
0 3
cob=(5) /home/ardaozcan/Desktop/software-projects/c/gif/build/main
cfi=(166) ???
cfn=(564) (below main)
calls=1 0 
0 717679

fl=(51) /usr/src/debug/glibc/glibc/elf/dl-catch.c
fn=(162) _dl_catch_exception
208 18
58 3
208 6
+3 6
+21 15
58 6
239 9
cfi=(52) /usr/src/debug/glibc/glibc/setjmp/../sysdeps/x86_64/setjmp.S
cfn=(164) __sigsetjmp
calls=3 31 
* 72
* 9
+2 9
cfi=(65) /usr/src/debug/glibc/glibc/elf/dl-deps.c
cfn=(220) openaux
calls=2 61 
* 5063
cfi=(2)
cfn=(166) map_doit
calls=1 642 
* 2527
69 3
+1 3
-1 3
+1 3
243 12
-25 3
+34 9
59 6
+11 9

fn=(160) _dl_catch_error
258 6
+2 1
-2 1
+2 1
-2 2
+2 1
-2 1
+2 1
cfn=(162)
calls=1 -52 
* 2595
* 1
+1 2
+1 1
+1 1
-1 1
+3 1
-2 1
+2 6

fn=(250) _dl_receive_error
190 2
58 1
190 2
+2 1
-2 1
58 1
+1 1
+11 1
196 1
+2 2
cfi=(2)
cfn=(252) version_check_doit
calls=1 675 
* 4554
69 2
+1 1
202 1
-1 1
+1 3

fl=(38) /usr/src/debug/glibc/glibc/elf/dl-hwcaps.c
fn=(134) copy_hwcaps
73 10
+6 2
-6 2
+6 2
-6 4
fi=(40) /usr/src/debug/glibc/glibc/elf/./dl-hwcaps.h
-30 2
+2 2
+32 2
+1 2
+1 2
fe=(38)
-1 4
+1 4
-1 2
+1 8
cfi=(29) /usr/src/debug/glibc/glibc/string/../sysdeps/x86_64/multiarch/memmove-vec-unaligned-erms.S
cfn=(136) mempcpy
calls=2 197 
* 26
+4 2
+2 2
+2 2
-3 2
+1 4
+1 4
+1 2
-11 4
cfi=(41) /usr/src/debug/glibc/glibc/elf/dl-hwcaps_split.c
cfn=(122) _dl_hwcaps_split_masked
calls=2 -25 
* 140
* 4
cfi=(41)
cfn=(122)
calls=2 -25 
* 178
* 8
+13 14

fn=(114) _dl_important_hwcaps
171 8
+3 1
-3 1
+3 1
-3 6
+2 1
cfi=(39) /usr/src/debug/glibc/glibc/elf/../sysdeps/x86_64/dl-hwcaps-subdirs.c
cfn=(116) _dl_hwcaps_subdirs_active
calls=1 29 
* 36
fi=(40)
43 1
fe=(38)
173 1
fi=(40)
45 1
+32 1
+1 1
+1 1
fe=(38)
-28 2
cfi=(41)
cfn=(122)
calls=1 * 
* 20
* 2
fi=(40)
-8 1
+2 1
-2 1
+34 2
+1 2
+1 1
fe=(38)
-25 2
-1 2
+1 2
+2 4
-5 4
cfi=(41)
cfn=(122)
calls=2 * 
* 140
* 2
cfi=(41)
cfn=(122)
calls=1 * 
* 158
* 6
+48 4
fi=(28) /usr/src/debug/glibc/glibc/elf/../include/rtld-malloc.h
-43 2
cfi=(27) /usr/src/debug/glibc/glibc/elf/dl-minimal-malloc.c
cfn=(78) __minimal_malloc
calls=1 -20 
* 18
fe=(38)
+45 2
-2 1
+2 1
fi=(40)
-58 3
fe=(38)
+61 1
fi=(40)
-59 2
+1 1
fe=(38)
+65 2
cfi=(41)
cfn=(124) _dl_hwcaps_split
calls=1 -86 
* 7
* 2
fi=(40)
-68 2
+2 1
-2 3
+34 2
+1 5
+1 1
fe=(38)
+47 10
+1 4
+1 2
+1 2
-1 2
-4 4
cfi=(41)
cfn=(122)
calls=2 -73 
* 140
* 2
cfi=(41)
cfn=(122)
calls=1 -73 
* 158
* 6
+8 4
+9 3
+3 10
-2 7
+8 2
+4 2
-4 2
+4 3
cfi=(43) /usr/src/debug/glibc/glibc/string/../sysdeps/x86_64/multiarch/../multiarch/memcmp-sse2.S
cfn=(130) bcmp
calls=1 -95 
* 19
+1 2
+1 1
+4 1
+1 2
+1 1
-20 2
+19 1
+1 1
-20 3
-1 8
+47 4
-3 1
+7 1
-7 1
+7 1
fi=(28)
56 1
cfi=(27)
cfn=(78)
calls=1 -20 
* 18
* 1
fe=(38)
193 2
+8 1
+1 5
-1 3
+1 2
cfn=(134)
calls=1 73 
* 46
+1 5
cfn=(134)
calls=1 73 
* 394
* 1
+4 1
-23 1
+23 1
+1 1
-24 3
+31 9

fl=(144) /usr/src/debug/glibc/glibc/elf/../sysdeps/nptl/dl-mutex.c
fn=(484) __rtld_mutex_init
30 2
+10 4
-10 3
+7 1
+3 2
cfi=(145) /usr/src/debug/glibc/glibc/elf/dl-lookup-direct.c
cfn=(486) _dl_lookup_direct
calls=1 +34 
* 246
+4 2
+1 9
+2 5
-2 1
+2 1
cfi=(145)
cfn=(486)
calls=1 +27 
* 224
* 1
+4 2
+1 6
+1 2
-1 1
+1 2

fl=(7) /usr/src/debug/glibc/glibc/elf/dl-minimal.c
fn=(490) __rtld_malloc_init_real
76 2
+10 1
fi=(146) /usr/src/debug/glibc/glibc/elf/../sysdeps/generic/dl-hash.h
-41 1
-1 2
fe=(7)
+32 8
+11 1
-1 1
fi=(146)
-43 2
+5 3
+14 4
-17 3
+3 15
+14 20
-17 15
fe=(7)
+46 2
fi=(146)
-24 1
fe=(7)
+22 1
+2 1
fi=(146)
-19 1
fe=(7)
+19 1
cfn=(494) lookup_malloc_symbol
calls=1 -30 
* 604
+1 3
-1 1
+1 1
cfn=(494)
calls=1 -31 
* 547
+1 3
-1 1
+1 1
cfn=(494)
calls=1 -32 
* 639
+1 3
-1 1
+1 1
cfn=(494)
calls=1 -33 
* 567
+5 1
+1 1
+1 1
+1 1
+1 8

fn=(494)
61 8
+3 4
-3 12
+3 4
-3 4
+3 20
-1 4
+1 4
cfi=(79) /usr/src/debug/glibc/glibc/elf/dl-lookup.c
cfn=(296) _dl_lookup_symbol_x
calls=4 769 
* 2201
+4 8
-4 4
+4 20
+1 24
+2 4
fi=(147) /usr/src/debug/glibc/glibc/elf/./dl-sym-post.h
-30 8
+12 12
fe=(7)
+19 16

fn=(12) __rtld_malloc_init_stubs
42 1
+1 2
+1 2
+1 2
+1 2
+1 1

fl=(11) /usr/src/debug/glibc/glibc/elf/dl-tunables.c
fn=(60) do_tunable_update_val
73 6
-3 12
+3 24
+10 6
+11 6
+1 6
-1 18
+1 24
+4 12
+2 12
+4 6
-4 12
+11 12
+1 12
+3 6
+1 6
+1 6
+1 12

fn=(58) __GI___tunable_set_val
162 6
+1 24
+2 6
cfn=(60)
calls=6 -92 
* 198

fn=(28) __tunable_get_val
438 40
+3 80
-3 40
+3 200
+9 37
-9 74
+19 22
+7 120
+2 40
-19 18
+1 18
+9 6

fn=(22) __GI___tunables_init
294 1
+6 3
-6 1
+10 2
-10 7
+10 1
-10 2
+10 28
+2 2
43 410
+6 81
-3 81
+3 7549
+4 162
+4 81
fi=(12) /usr/src/debug/glibc/glibc/elf/dl-tunables.h
160 81
fe=(11)
57 81
fi=(12)
160 81
fe=(11)
57 243
fi=(12)
160 81
+1 162
-1 2
+1 170
-1 10
fe=(11)
319 2187
+1 2187
+2 2187
-5 2268
fi=(12)
160 805
+1 1762
-1 380
fe=(11)
340 6
+3 27
+3 27
+9 8
fi=(12)
165 243
fe=(11)

fl=(16) /usr/src/debug/glibc/glibc/elf/../sysdeps/x86/cpu-features.c
fn=(36) init_cpu_features.constprop.0
724 1
+23 1
-23 7
+3 1
+9 1
-8 1
+1 1
+9 1
+9 2
+3 6
+6 6
cfn=(38) get_common_indices.constprop.0
calls=1 431 
* 71
409 3
+1 2
+1 6
+5 2
+1 6
+5 2
+1 6
761 1
cfn=(42) update_active.constprop.0
calls=1 90 
* 196
+4 1
+42 1
-38 1
+15 1
-18 1
+41 1
-36 1
-5 1
+39 1
-39 1
+3 2
886 2
+65 2
+7 2
+2 2
+4 2
+6 2
1126 1
754 1
1126 1
fi=(20) /usr/src/debug/glibc/glibc/elf/../sysdeps/x86/dl-cacheinfo.h
999 6
fe=(16)
751 1
1118 3
+1 2
+3 2
+1 2
+3 2
+7 1
+1 1
+1 1
+1 1
fi=(20)
850 2
953 1
+5 1
+11 1
-7 1
+2 1
+5 1
-16 1
+1 1
+15 1
-10 1
-5 1
+1 1
+5 1
-5 1
+1 1
+5 1
-5 1
+1 1
+5 1
-5 1
+6 1
+37 2
-17 3
+8 2
+29 6
+9 2
+20 2
+13 2
-13 1
+6 2
+7 2
cfi=(11)
cfn=(28)
calls=1 438 
* 17
* 1
+5 2
-3 2
+3 2
cfi=(11)
cfn=(28)
calls=1 438 
* 17
* 1
+80 1
-68 1
-4 1
+4 1
-10 1
+78 2
-72 2
+72 1
-68 1
+68 1
-72 1
+4 1
cfi=(11)
cfn=(28)
calls=1 438 
* 17
* 1
+5 1
-4 1
+4 1
-4 2
+55 1
-51 1
+51 1
-51 1
cfi=(11)
cfn=(28)
calls=1 438 
* 17
* 1
+5 1
-4 1
+4 1
-4 2
+37 1
-33 1
+33 2
-33 1
cfi=(11)
cfn=(28)
calls=1 438 
* 17
* 1
+7 1
-6 1
+6 1
+42 1
-42 1
+42 1
-42 1
cfi=(11)
cfn=(28)
calls=1 438 
* 17
+2 1
-2 1
+2 2
-2 1
+26 9
cfi=(11)
cfn=(58)
calls=1 162 
* 39
+6 2
+3 10
cfi=(11)
cfn=(58)
calls=1 162 
* 39
+2 9
cfi=(11)
cfn=(58)
calls=1 162 
* 39
+1 10
cfi=(11)
cfn=(58)
calls=1 162 
* 39
+1 11
cfi=(11)
cfn=(58)
calls=1 162 
* 39
+3 10
cfi=(11)
cfn=(58)
calls=1 162 
* 39
+9 1
fe=(16)
-7 1
fi=(20)
+9 1
+2 1
-1 1
fe=(16)
-10 1
fi=(20)
+6 1
+1 1
+1 1
+1 1
fe=(16)
-9 1
fi=(20)
+11 1
-1 1
-2 1
+4 1
fe=(16)
-12 1
cfi=(11)
cfn=(28)
calls=1 438 
* 16
+3 4
cfi=(11)
cfn=(28)
calls=1 438 
* 18
+9 1
+4 1
-4 2
+55 1
-1 1
+1 1
+45 4
cfi=(11)
cfn=(28)
calls=1 438 
* 16
+2 4
cfi=(11)
cfn=(28)
calls=1 438 
* 16
+4 2
+3 4
+3 1
+35 3
-32 1
+32 1
cfi=(11)
cfn=(28)
calls=1 438 
* 18
+7 8
fi=(20)
1035 3
+3 1
+1 2
fe=(16)
1165 1
+1 1
-1 1
+1 2
+45 3
+27 2
-10 3
+1 4
+6 1
-3 2
fi=(20)
852 3
cfn=(50) handle_intel.constprop.0
calls=1 255 
* 465
+1 1
-1 1
+1 1
cfn=(50)
calls=1 255 
* 532
+4 1
-4 2
+1 1
+3 1
cfn=(50)
calls=1 255 
* 482
+2 1
-2 1
+2 1
cfn=(50)
calls=1 255 
* 474
+3 1
-3 1
+1 2
+2 1
cfn=(50)
calls=1 255 
* 455
+2 1
-2 1
+2 1
cfn=(50)
calls=1 255 
* 457
+2 1
-2 1
+2 1
cfn=(50)
calls=1 255 
* 507
+2 1
-2 1
+2 1
cfn=(50)
calls=1 255 
* 497
+2 1
-2 1
+2 1
cfn=(50)
calls=1 255 
* 499
+3 1
-2 1
-1 1
+3 1
cfn=(50)
calls=1 255 
* 522
+2 1
-2 1
+2 1
cfn=(50)
calls=1 255 
* 524
+2 1
-2 1
+2 1
cfn=(50)
calls=1 255 
* 525
+2 4
-2 1
+2 2
cfn=(56) get_common_cache_info.constprop.0
calls=1 613 
* 225
990 1
-6 3
+6 1
-6 2
+6 2
-6 2
+6 3
-1 2
fe=(16)
-96 2
+4 1
771 3
563 4
777 5
+37 2
+3 2
+94 1
+1 2

fn=(38)
431 3
+4 4
+3 3
+5 2
-5 1
+5 1
-5 1
+4 1
+1 1
+1 4
+1 4
+1 3
+1 2
+7 2
+2 4
+5 1
-5 1
+5 1
-5 2
+5 1
+7 1
-7 4
+7 1
+1 3
+6 1
-6 4
+6 1
fi=(17) /usr/src/debug/glibc/glibc/elf/../sysdeps/unix/sysv/linux/x86/dl-minsigstacksize.h
24 2
+3 2
+1 2
+37 3
+9 2
fe=(16)
490 3

fn=(42)
90 8
+4 1
+37 1
-9 1
-18 1
-1 1
-1 1
+25 1
-14 1
-10 1
-1 2
+25 1
-24 1
+27 1
-26 1
+17 1
+6 1
+7 1
-22 1
+18 1
-18 1
+18 1
+4 1
-7 1
+7 1
-7 1
-6 1
+13 1
-13 1
-9 1
+18 1
+4 1
+1 1
+7 1
+5 1
-8 1
-4 1
+13 1
-9 2
+7 1
-7 2
+1 1
+8 2
+3 1
-5 2
-6 2
+1 1
+10 2
-5 1
-5 2
+6 3
+4 2
-4 1
+4 1
+14 2
-2 1
+6 5
+1 3
+2 3
+91 1
-1 2
+17 4
+16 2
+4 1
+1 1
+3 4
+4 2
fi=(18) /usr/src/debug/glibc/glibc/elf/../sysdeps/x86/get-isa-level.h
30 1
fe=(16)
389 2
+4 3
fi=(19) /usr/src/debug/glibc/glibc/elf/../sysdeps/unix/sysv/linux/x86/dl-hwcap2.h
25 2
fi=(18)
+6 1
-3 1
+3 2
fe=(16)
402 1
+1 8
-92 3
+1 2
+5 1
-1 1
+10 1
-6 1
+2 1
-2 1
+3 1
+3 1
fi=(18)
32 3
+7 5
+1 3
+8 1
-1 1
+1 2
+3 4
+3 2
+9 5
fe=(16)
176 2
+6 2
+14 1
+12 2
-30 1
+18 1
+12 1
-12 1
+12 1
-12 1
+2 4
+6 4
+2 4
+7 4
-24 1
-5 2
+4 1

fl=(14) /usr/src/debug/glibc/glibc/elf/../sysdeps/unix/sysv/linux/brk.c
fn=(30) brk
36 1
fi=(223) /usr/src/debug/glibc/glibc/elf/../sysdeps/unix/sysv/linux/brk_call.h
-12 2
fe=(14)
+13 1
+1 2
+6 1
+1 1

fl=(63) /usr/src/debug/glibc/glibc/io/../sysdeps/unix/sysv/linux/close_nocancel.c
fn=(206) __GI___close_nocancel
25 3
+1 12
+1 3

fl=(72) /usr/src/debug/glibc/glibc/elf/dl-version.c
fn=(256) _dl_check_map_versions
155 36
+15 12
+2 12
+2 12
+1 4
+2 8
+3 4
+4 4
-20 2
-8 2
+69 14
36 4
200 4
36 12
+1 5
-1 10
+2 21
cfi=(53) /usr/src/debug/glibc/glibc/elf/dl-misc.c
cfn=(172) _dl_name_match_p
calls=7 +30 
* 649
* 18
208 4
+5 2
99 8
213 4
+4 4
+1 4
-1 2
+4 4
-3 8
-1 12
+1 12
-1 6
+4 12
-3 44
56 32
+8 16
+6 24
+16 8
+1 16
+2 8
+5 72
+14 162
+12 219
+4 73
-30 146
231 32
+3 24
+5 6
-24 6
110 8
+3 32
cfi=(33)
cfn=(100)
calls=8 -15 
* 376
* 32
224 24
+4 6
+15 6
+14 10
+3 4
+3 14
+3 10
+4 2
-7 8
+3 6
+4 46
-7 184
+3 140
+8 6
+6 6
fi=(28)
44 3
fe=(72)
280 6
fi=(28)
44 3
cfi=(27)
cfn=(74) __minimal_calloc
calls=3 +36 
* 87
fe=(72)
281 6
-2 3
fi=(28)
44 3
fe=(72)
281 3
+13 3
-3 3
+3 12
+2 6
+3 8
+4 6
+18 6
-15 6
+2 6
-2 6
+2 6
-2 6
+2 12
-2 2
+2 2
-2 2
+2 2
-2 2
+2 4
+2 8
+1 8
-1 16
+1 8
+1 8
-2 8
+2 16
+1 24
+3 24
+8 6
+48 6
+1 4
+1 4
+1 2
+19 36
164 2
-8 2
257 5
+77 4
+3 4
+20 48
-14 100
-2 48
+6 48
+1 48
+1 48
-1 96
+1 48
-1 48
+1 48
+1 48
+3 162
+11 186
+1 124
+1 18
-32 2
-40 2
-20 3
377 4
+2 120
+1 58
+2 1
+1 2
-1 1
+1 1
cfi=(33)
cfn=(258)
calls=1 98 
* 32
* 2

fn=(254) _dl_check_all_versions
399 7
+4 5
-2 2
+4 24
cfn=(256)
calls=4 155 
* 4478
-2 4
+1 4
-1 8
+5 7

fl=(45) /usr/src/debug/glibc/glibc/elf/dl-debug.c
fn=(148) _dl_debug_change_state
104 2
+3 2
-2 2
+2 4
+4 2
cfi=(48) /usr/src/debug/glibc/glibc/elf/dl-debug_state.c
cfn=(150) _dl_debug_state
calls=2 -83 
* 4
-4 6

fn=(498) _dl_debug_post_relocate
46 2
+6 3
-6 2
+6 5
-1 1
+1 1
cfi=(79)
cfn=(296)
calls=1 769 
* 539
+2 2
-2 1
+2 3
+2 7
+1 3
+13 2

fn=(142) _dl_debug_initialize
120 1
-44 2
+46 2
+5 3
+1 1
+26 1
-26 1
+29 2
-37 1
+49 2
-9 2
+2 3

fn=(212) _dl_debug_update
94 3
-17 3
-1 6
+20 6
+4 3

fl=(175) /usr/src/debug/glibc/glibc/elf/../sysdeps/x86_64/dl-trampoline.h
fn=(604) _dl_runtime_resolve_xsave
39 9
+5 9
+3 9
+2 9
+10 9
+6 9
+1 9
+1 9
+1 9
+1 9
+1 9
+1 9
+4 9
+1 9
+3 9
+1 9
+2 9
+1 9
+1 9
+1 9
+1 9
+1 9
+2 9
+7 9
+1 9
+1 9
cfi=(176) /usr/src/debug/glibc/glibc/elf/dl-runtime.c
cfn=(606) _dl_fixup
calls=9 -52 
* 6294
+1 9
+5 9
+1 9
+1 9
+2 9
+1 9
+1 9
+1 9
+1 9
+1 9
+1 9
+2 9
+2 9
+4 9
+2 9

fl=(70) /usr/src/debug/glibc/glibc/malloc/scratch_buffer_set_array_size.c
fn=(242) __libc_scratch_buffer_set_array_size
30 26
+4 2
+1 4
+10 4
+18 2
-17 2
+17 10

fl=(58) /usr/src/debug/glibc/glibc/io/../sysdeps/unix/sysv/linux/fstat64.c
fn=(194) fstat
30 3
+9 12
+33 3

fl=(65)
fn=(220)
61 12
+7 2
-4 6
+1 2
-1 14
cfi=(30) /usr/src/debug/glibc/glibc/elf/dl-load.c
cfn=(168) _dl_map_object
calls=2 2189 
* 5019
* 2
+5 6

fn=(218) _dl_map_object_deps
143 5
+1 1
-1 1
+1 1
-1 1
+1 1
-1 2
+1 1
-1 1
+1 1
-1 1
+1 1
-1 1
+1 1
-1 2
+1 8
-8 1
+8 2
-8 1
-6 1
-2 1
+8 1
+8 1
-15 1
+1 1
+6 1
+24 4
-28 3
-2 1
+31 1
-33 1
+32 1
-30 2
+30 1
-30 1
-1 4
+7 4
+24 3
+28 3
-6 1
-18 1
+64 1
fi=(71) /usr/src/debug/glibc/glibc/elf/../include/scratch_buffer.h
78 1
fe=(65)
228 1
fi=(71)
77 1
fe=(65)
+87 1
+20 1
+44 1
fi=(71)
77 1
fe=(65)
228 2
-31 1
-4 1
+4 5
-4 3
+4 6
+11 12
-18 2
+18 4
417 8
+2 2
+3 2
-3 6
+3 4
fi=(28)
56 2
cfi=(27)
cfn=(78)
calls=2 -20 
* 36
fe=(65)
423 4
fi=(28)
56 2
fe=(65)
423 2
+7 2
-1 2
+1 4
cfi=(29)
cfn=(82) memcpy
calls=2 210 
* 22
+1 12
cfi=(29)
cfn=(82)
calls=2 210 
* 22
+4 2
-1 2
+5 12
188 6
442 9
-1 4
+1 8
183 6
+27 8
+8 2
+3 2
-6 2
+1 2
+2 2
+3 2
-4 2
+4 4
+7 2
+4 2
-13 2
+9 2
+4 14
-4 2
+4 4
-10 108
+6 8
cfi=(30)
cfn=(180) _dl_dst_count
calls=2 * 
* 102
* 6
+4 6
-2 2
+2 2
cfi=(51)
cfn=(162)
calls=2 -24 
* 5199
+1 4
+9 2
+2 4
+5 10
+6 2
+2 2
-8 4
+3 2
+1 2
+1 2
+1 2
+4 2
-3 2
+3 6
+4 6
+1 3
-43 226
+7 4
+38 156
fi=(71)
85 3
fe=(65)
448 5
+1 1
+3 4
+11 6
fi=(28)
56 1
cfi=(27)
cfn=(78)
calls=1 -20 
* 18
fe=(65)
465 4
fi=(28)
56 1
fe=(65)
465 1
+5 2
+2 1
-2 1
+1 1
-1 1
+4 1
-4 1
+4 4
+4 12
+6 4
+1 8
-1 4
+6 4
-16 12
+21 3
+37 2
+15 1
-11 1
+12 1
-15 2
+20 1
-1 4
+1 2
-1 5
cfi=(13) /usr/src/debug/glibc/glibc/elf/dl-sort-maps.c
cfn=(246) _dl_sort_maps
calls=1 298 
* 253
+5 1
+2 1
+1 1
+1 2
-2 1
+2 1
+7 3
+3 2
+3 8
198 25
+3 2
fi=(71)
-70 6
cfi=(70)
cfn=(242)
calls=2 30 
* 50
fe=(65)
+70 4
+4 4
409 1
547 3
cfi=(29)
cfn=(82)
calls=1 210 
* 11
* 3
144 2

fl=(30)
fn=(170) _dl_lookup_map
1893 18
+1 6
+1 6
+3 36
+5 49
+2 21
cfi=(53)
cfn=(172)
calls=7 68 
* 700
* 14
+2 12
fi=(4) /usr/src/debug/glibc/glibc/elf/../sysdeps/generic/ldsodefs.h
96 18
+4 2
-1 10
+1 2
fe=(30)
1907 4
+1 6
cfi=(33)
cfn=(100)
calls=2 98 
* 50
* 4
+13 8
-1 2
+1 10

fn=(222) cache_rpath
656 3
-1 6
+1 6
+1 3
+16 6

fn=(180)
228 6
+3 3
-3 6
+7 3
-7 3
+3 3
cfi=(42) /usr/src/debug/glibc/glibc/string/../sysdeps/x86_64/multiarch/../multiarch/strchr-sse2.S
cfn=(126) index
calls=3 32 
* 120
+3 6
+20 15

fn=(112) _dl_init_paths
680 7
+14 1
-14 3
+14 1
-14 1
+14 1
cfi=(38)
cfn=(114)
calls=1 171 
* 1379
fi=(28)
56 1
fe=(30)
694 1
fi=(28)
56 1
cfi=(27)
cfn=(78)
calls=1 -20 
* 18
fe=(30)
699 1
+2 2
+12 2
-4 1
+4 5
fi=(28)
56 1
cfi=(27)
cfn=(78)
calls=1 -20 
* 18
fe=(30)
713 1
+2 4
+17 1
+9 1
-19 1
-1 1
+11 1
+3 1
-5 1
+5 1
+1 1
-4 1
+9 2
+1 4
cfi=(44) /usr/src/debug/glibc/glibc/string/../sysdeps/x86_64/multiarch/../multiarch/memset-vec-unaligned-erms.S
cfn=(140) memset
calls=1 137 
* 14
+2 1
+12 1
+3 1
-8 1
-1 1
+9 2
+2 4
+2 3
+36 2
+31 1
+1 7
-49 1
-2 1
+2 2
+14 2

fn=(176) _dl_map_new_object
1928 30
+10 4
+12 2
-5 2
-15 2
+20 4
+14 6
cfi=(42)
cfn=(126)
calls=2 32 
* 48
* 4
2116 2
-1 3
cfn=(178) expand_dynamic_string_token
calls=1 375 
* 171
+6 1
-7 1
+1 1
+2 2
+4 8
cfn=(184) open_verify.constprop.0
calls=1 1522 
* 105
+3 2
-3 1
+3 1
+58 1
-46 3
+46 11
cfn=(190) _dl_map_object_from_fd
calls=1 948 
* 1811
-46 3
+46 11
cfn=(190)
calls=1 948 
* 2473
* 2
+2 16
1968 2
cfi=(22) /usr/src/debug/glibc/glibc/string/../sysdeps/x86_64/multiarch/../multiarch/strlen-sse2.S
cfn=(62) strlen
calls=1 57 
* 17
* 2
+2 2
+7 4
+4 1
+8 4
-8 1
+5 2
+3 4
-3 3
+1 5
cfn=(222)
calls=1 656 
* 8
* 2
-1 4
+15 2
+1 9
+32 3
+1 5
cfn=(222)
calls=1 656 
* 8
* 2
+8 2
+2 3
+4 2
cfi=(66) /usr/src/debug/glibc/glibc/elf/dl-cache.c
cfn=(224) _dl_load_cache_lookup
calls=1 386 
* 1449
* 1
+2 2
+4 2
+31 1
-23 2
+23 8
cfn=(184)
calls=1 1522 
* 135
* 1
+4 2
+18 1
-17 1
+17 2
2003 6
cfn=(222)
calls=1 656 
* 8
* 2
+9 2
+15 2

fn=(210) _dl_notify_new_object
908 8
+2 2
-2 10
+2 2
cfi=(45)
cfn=(212)
calls=2 94 
* 14
* 2
+1 6
+21 10
-4 4
+7 2
-2 4
+2 8
-2 2
cfi=(49) /usr/src/debug/glibc/glibc/elf/dl-audit.c
cfn=(214) _dl_audit_objopen
calls=2 77 
* 10

fn=(168)
2189 21
+1 3
-1 21
+1 6
cfn=(170)
calls=3 1893 
* 978
+1 9
+3 10
-1 10
+1 12
-1 2
cfn=(176)
calls=2 1928 
* 6455

fn=(178)
375 4
+10 1
-10 3
+10 1
cfn=(180)
calls=1 228 
* 63
+3 2
+12 1
-11 1
+11 3
-11 1
cfi=(54) /usr/src/debug/glibc/glibc/string/strdup.c
cfn=(182) strdup
calls=1 40 
* 91

fn=(90) _dl_process_pt_gnu_property
842 3
+8 6
-6 3
+12 6
-13 3
+13 3
-13 6
+13 6
+3 9
+1 6
+1 6
+3 9
+1 9
+4 3
+1 6
fi=(31) /usr/src/debug/glibc/glibc/elf/../sysdeps/x86/dl-prop.h
97 2
258 3
fe=(30)
888 2
+4 6
+2 8
-20 10
+4 10
-3 5
+6 5
+1 15
fi=(31)
95 20
+7 8
+16 4
-3 8
252 4
fe=(30)
904 1
fi=(31)
257 2
-4 2
+4 6
+3 2
-6 4
+1 2
+2 8
+3 2
fe=(30)

fn=(190)
948 22
+15 2
-15 4
+15 2
-15 2
+15 4
+85 8
+10 4
+7 14
cfi=(26) /usr/src/debug/glibc/glibc/elf/dl-object.c
cfn=(72) _dl_new_object
calls=2 59 
* 829
* 2
+1 4
+11 2
+1 2
-1 2
+2 2
+3 2
-3 2
+2 2
+1 6
+1 2
+19 2
-2 1
+2 9
-2 1
+2 25
+10 2
-10 4
+10 6
+27 2
-33 2
-3 2
+2 2
-1 2
+8 2
+36 2
+27 2
-36 2
-41 2
+50 2
+27 6
-62 92
+26 48
+8 8
+2 8
-1 8
-1 8
+1 8
+1 8
+2 8
-3 16
+1 8
+2 8
+2 8
-4 16
+4 16
-3 8
+3 32
+2 16
+13 40
+6 6
+1 48
-28 12
-35 18
+62 2
+1 16
-28 4
-35 57
+1 139
1225 2
1112 2
1225 4
1112 6
1230 8
1078 2
1240 2
1078 6
1241 2
-1 2
+1 2
-1 6
+1 6
-1 6
+1 6
-1 18
+7 4
+10 8
+7 6
fi=(59) /usr/src/debug/glibc/glibc/elf/./dl-map-segments.h
29 2
fe=(30)
1264 8
fi=(59)
29 4
+1 16
cfi=(60) /usr/src/debug/glibc/glibc/misc/../sysdeps/unix/sysv/linux/mmap64.c
cfn=(198) mmap
calls=2 +17 
* 56
+72 2
-72 2
+73 4
+3 4
+1 2
-1 2
+1 2
+2 4
+17 2
-44 2
fi=(61) /usr/src/debug/glibc/glibc/elf/./dl-load.h
+9 16
fi=(59)
+59 32
+6 2
+2 2
-2 2
+3 2
-2 2
+2 2
-1 4
+3 6
+5 4
+3 6
+8 16
cfi=(44)
cfn=(140)
calls=2 -40 
* 287
* 6
+6 4
+41 8
-88 32
+2 24
+2 12
+1 6
-1 24
cfi=(60)
cfn=(198)
calls=6 -93 
* 126
* 12
fi=(57) /usr/src/debug/glibc/glibc/elf/../sysdeps/posix/dl-fileid.h
37 6
cfi=(58)
cfn=(194)
calls=2 -7 
* 12
* 4
+3 2
fe=(30)
999 2
fi=(57)
40 2
+1 4
fe=(30)
999 27
+1 10
fi=(57)
49 12
fe=(30)
1469 18
1133 2
+1 1
-15 4
+9 2
-2 4
+1 2
+1 2
-1 4
+1 16
+93 4
+1 2
-34 3
+5 1
-1 2
+5 1
-5 2
-66 1
+71 4
+1 1
+3 1
-3 1
+8 4
1086 12
+1 2
-1 1
+1 1
-1 1
+1 1
cfi=(68) /usr/src/debug/glibc/glibc/io/../sysdeps/unix/sysv/linux/pread64_nocancel.c
cfn=(234) __pread64_nocancel
calls=1 25 
* 7
* 2
-69 4
1280 8
+1 6
fi=(62) /usr/src/debug/glibc/glibc/elf/get-dynamic-info.h
39 4
+6 2
-2 2
+2 4
+8 3
+15 3
-23 12
+23 45
-23 180
+4 96
+3 12
-1 24
+3 36
+1 28
fi=(61)
+37 4
+2 1
-1 2
+1 1
-1 2
+1 1
-1 2
+3 4
fi=(62)
-40 10
+3 8
+13 8
+12 6
+1 7
+1 8
+1 8
+1 8
+1 7
+1 7
+1 8
+12 2
+7 2
-7 14
+7 4
+5 2
+7 2
+1 6
+6 6
+1 6
+17 6
+5 4
+2 4
+2 4
+2 4
+1 2
+3 6
+2 6
+1 4
+9 4
+6 4
+1 4
+3 4
fe=(30)
1287 4
+1 4
+2 4
+10 6
+19 4
+2 10
+20 6
+1 2
+6 14
+1 44
+6 8
cfn=(90)
calls=2 842 
* 169
-7 54
+1 27
+6 27
-6 54
fi=(31)
149 10
fe=(30)
984 4
1086 2
1360 4
cfi=(63)
cfn=(206)
calls=2 25 
* 12
* 4
+13 4
+2 8
+2 4
+16 4
cfi=(8) /usr/src/debug/glibc/glibc/elf/dl-setup_hash.c
cfn=(14) _dl_setup_hash
calls=2 25 
* 54
+4 4
+1 4
+17 4
+1 1
+3 4
+5 2
-5 4
+5 2
+5 4
+10 8
+8 4
+1 4
+5 2
cfi=(46) /usr/src/debug/glibc/glibc/elf/../elf/dl-tls.c
cfn=(240) _dl_assign_tls_modid
calls=1 159 
* 11
+7 6
cfi=(26)
cfn=(86) _dl_add_to_namespace_list
calls=2 31 
* 90
+3 4
+3 8
cfn=(210)
calls=2 908 
* 84
* 2
fi=(59)
189 4
-3 1
+3 4
-3 2
+3 1
-3 4
+3 1
cfi=(60)
cfn=(198)
calls=1 47 
* 21
+3 2
+2 1
cfi=(69) /usr/src/debug/glibc/glibc/misc/../sysdeps/unix/sysv/linux/setvmaname.c
cfn=(238) __is_decorate_maps_enabled
calls=1 33 
* 6
* 2
fi=(4)
-98 8
+3 2
+1 1
-1 2
+1 1
fe=(30)
1440 5
cfi=(33)
cfn=(100)
calls=1 98 
* 25
* 2
+1 3
fi=(62)
62 8
+2 8
fe=(30)

fn=(184)
1522 20
+32 2
-32 4
+32 4
+19 8
cfi=(55) /usr/src/debug/glibc/glibc/io/../sysdeps/unix/sysv/linux/open64_nocancel.c
cfn=(186) __open_nocancel
calls=2 28 
* 42
* 2
+2 4
+8 2
+1 4
+6 2
-1 4
+1 2
-1 2
cfi=(56) /usr/src/debug/glibc/glibc/io/../sysdeps/unix/sysv/linux/read_nocancel.c
cfn=(188) __read_nocancel
calls=2 25 
* 12
* 2
+4 2
-2 4
+2 4
+2 4
+6 4
+15 26
+62 4
+5 4
+6 8
+6 4
+6 2
+1 2
-1 2
+1 6
+26 18
-22 12
+1 2
-1 1
+1 1
cfi=(68)
cfn=(234)
calls=1 25 
* 7
* 2
-91 3
+90 2

fl=(69)
fn=(238)
33 3
+1 11
-1 1
+4 2
-4 2
+4 2
cfi=(11)
cfn=(28)
calls=1 438 
* 18
* 3
+5 1
+1 1
+7 2
-7 4

fn=(236) __set_vma_name
60 20
+1 2
cfn=(238)
calls=2 -28 
* 44
* 4
+9 12

fl=(142) /usr/src/debug/glibc/glibc/elf/dl-find_object.c
fn=(474) _dl_find_object_init
561 6
+3 1
+2 2
+13 1
cfn=(478) _dlfo_process_initial
calls=1 474 
* 88
* 1
+1 3
fi=(28)
56 1
cfi=(27)
cfn=(78)
calls=1 -20 
* 18
fe=(142)
580 1
+2 2
+3 3
+5 1
+1 1
cfn=(478)
calls=1 474 
* 449
+3 4
+10 5
-37 2
cfi=(143) /usr/src/debug/glibc/glibc/elf/./dl-find_object.h
cfn=(476) _dl_find_object_from_map
calls=1 105 
* 134
* 1
+29 1
cfn=(480) _dlfo_sort_mappings
calls=1 -60 
* 99
+3 6
+2 1

fn=(480)
536 1
+1 2
-1 2
+4 2
-4 2
+4 1
-4 3
+8 1
+1 1
-1 1
+1 2
-1 1
+1 1
-1 1
+1 12
+1 4
+2 4
-3 8
+1 2
+2 2
-3 4
+8 6
+1 6
-1 4
+1 10
+1 6
-15 6
+17 4

fn=(478)
474 2
+3 2
-3 12
+1 2
+3 4
+26 16
+1 6
+1 8
-1 16
+3 28
+3 24
-7 8
+25 2
+2 16
-18 18
+3 3
-1 6
cfi=(143)
cfn=(476)
calls=3 105 
* 352
+2 12

fl=(143)
fn=(476)
105 4
+10 4
+1 4
-11 4
+1 8
+1 4
+8 4
+1 4
+5 16
+1 8
-19 8
+21 90
+12 2
+2 2
-2 4
+7 4
-21 141
+2 147
+3 4
+5 4
-5 8
+16 8
+3 4

fl=(25) /usr/src/debug/glibc/glibc/elf/dl-environ.c
fn=(70) _dl_next_ld_env_entry
28 2
+1 2
+3 87
+13 80
-13 160
+2 162
+1 32
+5 1
-3 1
+3 1
+2 1

fl=(26)
fn=(86)
31 15
+2 3
-2 6
+2 3
cfi=(24) /usr/src/debug/glibc/glibc/elf/../sysdeps/nptl/dl-tls_init_tp.c
cfn=(88) rtld_mutex_dummy
calls=3 +10 
* 9
+2 19
+3 20
+2 2
+2 2
+4 2
+1 2
+3 2
-4 2
+1 2
+1 2
+3 2
-3 2
+3 4
-1 2
cfi=(24)
cfn=(88)
calls=2 -7 
* 6
-4 1
+1 1
+3 1
-4 1
+1 1
+1 1
+3 1
-3 1
+3 2
-1 1
cfi=(24)
cfn=(88)
calls=1 -7 
* 3
-5 2

fn=(72)
59 45
+3 6
+18 2
+3 4
cfi=(22)
cfn=(62)
calls=2 -26 
* 52
+4 2
-4 2
+4 2
+5 2
-9 6
fi=(28)
-39 4
cfi=(27)
cfn=(74)
calls=2 +36 
* 175
fe=(26)
+39 1
fi=(28)
-39 2
cfi=(27)
cfn=(74)
calls=1 +36 
* 35
* 3
fe=(26)
+51 6
+5 3
-2 3
+6 3
-4 3
+4 3
-5 3
+4 3
+1 6
-1 3
+1 3
cfi=(29)
cfn=(82)
calls=3 210 
* 44
* 3
+15 3
-15 3
+2 3
+13 6
+6 1
+2 7
+3 2
-3 14
+3 4
+6 3
-4 3
+4 3
+3 14
fi=(4)
1389 3
fe=(26)
139 2
+2 1
-2 2
fi=(4)
1389 45
fe=(26)
139 30
+2 15
-2 30
+16 6
-5 3
-1 6
+6 9
+2 4
+3 4
-3 4
+7 8
+4 6
+8 1
+13 1
-10 2
+10 5
-10 4
+10 6
+2 2
cfi=(22)
cfn=(62)
calls=2 57 
* 70
+21 2
-21 6
+17 2
-13 6
+50 6
cfi=(29)
cfn=(136)
calls=2 -48 
* 34
* 2
+5 4
+1 4
-1 80
+1 80
+4 4
+1 2
+3 2
+4 27
131 6
-8 2
-4 4
+34 1
+7 4
+8 8
fi=(28)
56 4
cfi=(27)
cfn=(78)
calls=2 -20 
* 36
* 2
fe=(26)
200 4
-1 4
64 2
+2 3
+1 6
+10 1
-6 2

fl=(68)
fn=(234)
25 4
+1 8
+1 2

fl=(49)
fn=(522) _dl_audit_activity_nsid
41 3
+4 9
+2 9
+4 3

fn=(214)
77 2
+1 8

fn=(584) _dl_audit_preinit
118 1
+1 4

fn=(904) _dl_audit_objclose
97 4
+1 16

fn=(152) _dl_audit_activity_map
29 1
+2 3
+6 1

fl=(77)
fn=(532)
331 1
+3 2
+16 1

fn=(282) _dl_cet_check
361 1
+1 1
cfn=(284) dl_cet_check
calls=1 -93 
* 23

fn=(284)
269 4
+6 2
+2 2
-1 1
+6 1
+3 1
-3 1
+1 1
-1 1
+1 1
-1 1
+1 1
+5 2
+5 2
+25 2

fl=(141) /usr/src/debug/glibc/glibc/misc/../sysdeps/unix/syscall-template.S
fn=(466) mprotect
117 20
+5 4

fn=(526) munmap
117 5
+5 1

fl=(176)
fn=(606)
46 18
+2 9
-2 45
+9 9
-9 18
fi=(224) /usr/src/debug/glibc/glibc/elf/../sysdeps/x86_64/dl-runtime.h
-18 9
fe=(176)
+18 9
+2 63
+1 18
+5 9
+1 27
+1 9
+2 9
-2 54
+7 18
+4 18
+4 9
-22 9
+20 9
+2 18
+4 27
+1 36
-7 36
+16 9
-1 9
+1 18
+10 81
cfi=(79)
cfn=(296)
calls=9 769 
* 5276
* 9
+4 45
+10 90
+15 36
+9 27
+26 27
fi=(6) /usr/src/debug/glibc/glibc/elf/../sysdeps/x86_64/dl-machine.h
+64 9
fe=(176)
-60 72
-1 18
-39 3
fi=(225) /usr/src/debug/glibc/glibc/elf/../sysdeps/x86_64/dl-irel.h
-91 3
cob=(2)
cfi=(114) /usr/src/debug/glibc/glibc/string/../sysdeps/x86_64/multiarch/strcmp.c
cfn=(386) strcmp
calls=1 +47 
* 20
cob=(2)
cfi=(135) /usr/src/debug/glibc/glibc/string/../sysdeps/x86_64/multiarch/strlen.c
cfn=(446) strlen
calls=1 -3 
* 25
cob=(2)
cfi=(102) /usr/src/debug/glibc/glibc/string/../sysdeps/x86_64/multiarch/memcpy.c
cfn=(352) memcpy@@GLIBC_2.14
calls=1 -3 
* 22
fe=(176)
+93 9

fl=(41)
fn=(122)
51 66
+3 22
cfn=(124)
calls=11 -29 
* 467
* 6
cfn=(124)
calls=3 -29 
* 192
* 28
+2 9
+1 27
+1 42
cfn=(128) _dl_hwcaps_contains
calls=6 +8 
* 30
* 12
+4 33

fn=(124)
25 30
+1 45
+4 24
+4 60
+1 12
-1 24
+2 24
-11 9
+16 9
-16 36
+16 18
cfi=(42)
cfn=(126)
calls=9 -9 
* 216
+4 27
-3 18
+1 6
+3 6
+1 18
-20 6
+20 6
-4 3
cfi=(22)
cfn=(62)
calls=3 +14 
* 51
* 3
+3 3
-3 3
+4 9

fn=(128)
66 6
+1 12
+1 6
+9 6

fl=(158)
fn=(538) call_init
29 10
-2 60
+8 15
+2 10
+6 4
+3 4
-3 8
+3 8
+5 6
+8 9
+1 6
cob=(3) ???
cfi=(159) ???
cfn=(540) 0x0000000004844000
calls=1 -60 
* 7
+3 3
+1 6
+6 6
+3 4
-1 14
+2 8
cob=(2)
cfi=(165) /usr/src/debug/glibc/glibc/libio/stdfiles.c
cfn=(560) _IO_stdfiles_init
calls=1 -10 
* 22
cob=(2)
cfi=(164) /usr/src/debug/glibc/glibc/libio/vtables.c
cfn=(558) check_stdfiles_vtables
calls=1 545 
* 12
* 8
cob=(2)
cfi=(161) /usr/src/debug/glibc/glibc/csu/init-first.c
cfn=(550) _init_first
calls=1 -28 
* 81
cob=(4)
cfi=(160)
cfn=(544)
calls=1 -74 
* 12
-1 12
+3 40
-29 2

fn=(536)
81 13
+1 1
+1 1
+3 3
+8 2
+25 1
+1 5
+1 5
-1 1
+1 1
cfn=(538)
calls=1 -92 
* 41
* 15
-1 3
+1 3
cfn=(538)
calls=3 -92 
* 252
-1 8
+7 8
-22 1
-17 1
cfn=(538)
calls=1 -59 
* 84
+1 3

fl=(52)
fn=(164)
31 3
+2 3
+9 3
+1 6
+1 3
+4 3
+1 3
+1 3
+1 3
+1 3
+2 6
+2 3
+1 3
+1 3
+2 6
+2 3
+8 3
+3 3
+1 3
+7 3
+1 3

fl=(8)
fn=(14)
25 4
+3 12
+3 12
+1 8
+2 4
-1 4
+3 12
+1 4
+1 8
+2 4
-2 4
+3 8
+4 8
-2 4
+2 8
+5 4

fl=(53)
fn=(226) _dl_sysdep_read_whole_file
36 2
+3 1
-3 5
+3 1
-3 1
+3 1
cfi=(55)
cfn=(186)
calls=1 -11 
* 21
+1 3
+2 4
cfi=(58)
cfn=(194)
calls=1 -12 
* 6
* 3
+2 2
+3 2
+13 3
cfi=(63)
cfn=(206)
calls=1 -35 
* 6
* 1
+3 6
-14 6
cfi=(60)
cfn=(198)
calls=1 -2 
* 26
* 3

fn=(172)
68 98
+1 28
cfi=(33)
cfn=(100)
calls=14 +29 
* 350
* 14
+1 14
-1 14
+3 14
+2 28
+4 15
-4 30
+1 54
cfi=(33)
cfn=(100)
calls=18 +23 
* 584
* 36
-5 3
+11 23
-1 11
+1 33

fl=(2)
fn=(2)
520 10
84 1
fi=(6)
-29 1
fe=(2)
550 1
-4 1
84 3
549 2
fi=(3) /usr/src/debug/glibc/glibc/elf/./get-dynamic-info.h
45 4
+23 19
-23 68
+4 34
+3 5
-1 10
+3 20
+1 16
+1 5
fi=(4)
+23 1
fi=(3)
+31 1
-38 3
+12 3
+1 3
+1 4
+1 4
+1 5
+1 3
+1 4
+1 4
+12 7
+7 2
+13 3
+6 3
+1 3
+3 2
+1 3
+5 5
+3 5
fe=(2)
566 273
fi=(3)
59 4
fe=(2)
566 14
fi=(4)
79 1
fe=(2)
566 3
fi=(4)
79 2
fe=(2)
566 25
fi=(5) /usr/src/debug/glibc/glibc/elf/do-rel.h
49 1
+4 1
-4 1
-1 1
+1 1
+4 4
+3 2
fe=(2)
566 1
fi=(5)
49 1
+4 1
-4 1
-1 1
+1 1
+4 4
+3 2
-6 8
+11 5
+2 1
fi=(6)
273 3
fi=(5)
63 1
+2 1
-1 2
fi=(6)
282 10
+4 2
+26 4
fi=(5)
61 3
fe=(2)
566 8
fi=(5)
51 1
fi=(4)
+28 2
fe=(2)
568 1
455 1
cfi=(7)
cfn=(12)
calls=1 42 
* 10
+4 5
84 1
477 1
84 3
477 1
cfi=(8)
cfn=(14)
calls=1 25 
* 27
+1 1
+4 1
+9 1
-13 1
+19 1
-17 1
+2 1
+15 2
cfi=(9) /usr/src/debug/glibc/glibc/elf/../sysdeps/unix/sysv/linux/dl-sysdep.c
cfn=(16) _dl_sysdep_start
calls=1 102 
* 133511
* 1
+2 2
+87 9
fi=(3)
62 4
+2 4
+39 3
fe=(2)

fn=(158) do_preload
788 1
+12 1
-12 4
+12 2
-12 3
+6 1
+6 1
-2 1
-3 1
+5 1
-10 1
+6 1
+4 1
cfi=(51)
cfn=(160)
calls=1 258 
* 2623
+1 3
+8 3
+6 6

fn=(252)
675 2
+2 1
-2 4
+2 3
cfi=(72)
cfn=(254)
calls=1 399 
* 4539
* 2
+4 3

fn=(260) init_tls
735 1
+6 1
-6 3
+2 2
+4 1
fi=(28)
44 1
fe=(2)
752 1
fi=(28)
44 1
fe=(2)
747 1
+4 1
fi=(28)
44 1
cfi=(27)
cfn=(74)
calls=1 +36 
* 29
fe=(2)
760 1
-10 1
-3 1
+10 1
+3 1
cfi=(46)
cfn=(264) _dl_tls_static_surplus_init
calls=1 131 
* 73
+3 1
cfi=(46)
cfn=(266) _dl_determine_tlsoffset
calls=1 249 
* 162
+7 1
cfi=(46)
cfn=(270) _dl_allocate_tls_storage
calls=1 515 
* 489
* 1
+1 2
+6 1
fi=(75) /usr/src/debug/glibc/glibc/elf/../sysdeps/generic/dl-call_tls_init_tp.h
31 2
fe=(2)
777 1
fi=(75)
31 6
+2 1
cfi=(24)
cfn=(278) __tls_init_tp
calls=1 +36 
* 95
fe=(2)
784 1
-3 1
+3 4

fn=(66) dl_main
1303 2
196 1
1303 11
198 1
301 1
+1 1
196 1
+99 3
1315 1
cfi=(24)
cfn=(68) __tls_pre_init_tp
calls=1 54 
* 17
2707 1
2484 1
2707 3
2555 1
+2 1
+15 2
-13 2
cfi=(25)
cfn=(70)
calls=1 28 
* 523
* 2
cfi=(25)
cfn=(70)
calls=1 28 
* 6
* 6
+4 3
-2 1
+2 5
+1 1
-1 3
+1 6
-1 32
+9 6
2684 3
1325 1
+1 2
-1 2
+1 2
2597 2
+10 2
1593 8
cfi=(26)
cfn=(72)
calls=1 59 
* 285
* 1
+2 2
+1 1
+1 1
+5 1
-5 1
+1 1
-2 2
+2 2
+4 1
cfi=(26)
cfn=(86)
calls=1 31 
* 33
+1 2
1095 1
+1 1
1308 1
1123 1
-21 2
+21 1
-19 1
+1 1
+18 1
-21 1
+21 2
+1 1
-1 1
-25 1
+22 1
+4 115
+33 8
-1 4
+1 16
-1 4
+2 8
+1 1
+2 12
+1 14
+4 8
+1 8
+1 4
+4 8
-49 34
+88 22
+6 4
cfi=(30)
cfn=(90)
calls=1 842 
* 54
-7 28
+1 14
+6 14
-6 28
fi=(31)
149 6
fe=(2)
1128 1
-5 1
+5 2
-5 2
+21 2
-21 1
+25 1
-5 1
+3 2
-23 2
+10 2
-10 1
+10 1
+1 9
-11 2
+1 14
+80 1
-81 1
+81 2
-81 3
+87 3
+13 4
+3 3
+2 2
1628 1
cfi=(32) /usr/src/debug/glibc/glibc/elf/dl-execstack-tunable.c
cfn=(96) _dl_handle_execstack_tunable
calls=1 24 
* 33
fi=(4)
96 3
+3 4
+1 1
fe=(2)
1634 3
+1 4
cfi=(33)
cfn=(100)
calls=1 98 
* 25
* 2
+3 1
+1 1
+1 1
+2 2
+1 2
+5 2
+2 2
fi=(3)
39 4
+6 1
-2 1
+2 2
+23 25
-23 100
+4 50
+3 6
-1 12
+3 24
+1 20
fe=(2)
1200 1
-77 1
+77 1
-77 2
fi=(3)
72 4
+43 2
+7 3
+1 4
+6 3
+18 4
+15 4
+2 3
+1 2
+9 2
+6 2
+4 3
fi=(4)
-88 4
fe=(2)
1663 2
cfi=(8)
cfn=(14)
calls=1 25 
* 27
+3 2
fi=(34) /usr/src/debug/glibc/glibc/elf/./setup-vdso.h
24 2
fi=(37) /usr/src/debug/glibc/glibc/elf/./dl-main.h
+85 2
fi=(36) /usr/src/debug/glibc/glibc/elf/../sysdeps/unix/sysv/linux/dl-vdso-setup.h
-55 1
fi=(37)
+55 3
cfi=(30)
cfn=(112)
calls=1 680 
* 1509
fe=(2)
1691 3
cfi=(45)
cfn=(142)
calls=1 120 
* 21
+7 1
-7 1
+2 1
+5 1
+4 1
+1 1
+2 1
-3 3
+1 2
+3 1
+11 1
-13 1
+13 1
+1 2
+4 1
+1 1
-3 2
+2 1
+1 1
+5 4
+1 2
-1 2
223 1
fi=(4)
79 1
fe=(2)
224 1
-1 1
+1 1
fi=(4)
79 1
fe=(2)
224 3
1746 2
1309 1
1750 1
+1 2
+24 1
cfi=(46)
cfn=(144) _dl_count_modids
calls=1 226 
* 6
* 1
fi=(47) /usr/src/debug/glibc/glibc/elf/../sysdeps/generic/dl-debug.h
29 4
+1 2
fe=(2)
1781 4
cfi=(45)
cfn=(148)
calls=1 104 
* 11
+1 1
+4 3
cfi=(49)
cfn=(152)
calls=1 29 
* 5
+5 2
+2 1
+2 2
+9 2
+16 3
cfi=(64) /usr/src/debug/glibc/glibc/io/../sysdeps/unix/sysv/linux/access.c
cfn=(216) access
calls=1 25 
* 9
* 2
+76 3
+16 3
84 1
1922 1
84 2
1922 2
84 1
1922 6
cfi=(65)
cfn=(218)
calls=1 143 
* 6730
91 1
1932 2
-4 1
+16 1
91 2
+9 2
1928 7
+1 1
-1 1
+1 1
-1 2
+1 3
-1 3
+1 3
-1 6
+4 1
+1 2
+1 1
+2 14
+1 9
+7 2
+1 1
-1 1
+1 2
+2 1
+2 2
+16 4
+1 2
+1 3
+10 1
+2 1
-1 3
+1 3
-1 1
+1 1
cfi=(51)
cfn=(250)
calls=1 190 
* 4575
+10 1
+1 2
+3 2
821 1
fi=(226) /usr/src/debug/glibc/glibc/elf/../sysdeps/unix/sysv/linux/dl-osinfo.h
39 2
fe=(2)
823 1
fi=(226)
52 1
fe=(2)
832 1
+7 1
-5 1
1998 3
2197 2
+4 1
-4 1
+10 1
-6 1
+6 1
+3 2
+8 2
fi=(31)
36 2
+1 4
+16 8
-13 3
+9 6
-9 1
+9 16
+4 12
-16 8
+34 2
fe=(2)
2222 1
fi=(31)
71 1
cfi=(77)
cfn=(282)
calls=1 361 
* 25
fe=(2)
2222 2
+3 1
+5 2
84 1
2235 1
-1 2
84 3
2234 5
cfi=(78) /usr/src/debug/glibc/glibc/elf/dl-reloc.c
cfn=(286) _dl_relocate_object
calls=1 343 
* 70806
91 3
+9 2
-16 2
2243 1
84 2
2243 1
+1 18
+2 8
+5 8
+2 8
+6 4
+2 32
cfi=(78)
cfn=(286)
calls=4 343 
* 7497
+4 10
+1 2
-22 1
+22 1
cfi=(46)
cfn=(468) _dl_add_to_slotinfo
calls=1 1169 
* 27
-22 4
91 3
+1 2
2273 1
cfi=(46)
cfn=(470) _dl_tls_initial_modid_limit_setup
calls=1 1130 
* 23
+6 2
+4 4
+2 1
+7 3
cfi=(46)
cfn=(472) _dl_allocate_tls_init
calls=1 608 
* 159
+3 2
+4 3
+3 1
cfi=(142)
cfn=(474)
calls=1 561 
* 831
+5 2
84 1
2311 4
84 3
2311 2
cfi=(78)
cfn=(288) _dl_relocate_object_no_relro
calls=1 207 
* 260
91 3
+9 2
2314 1
cfi=(144)
cfn=(484)
calls=1 30 
* 514
+1 2
cfi=(7)
cfn=(490)
calls=1 76 
* 2469
+3 2
cfi=(45)
cfn=(498)
calls=1 46 
* 571
+4 2
cfi=(78)
cfn=(464) _dl_protect_relro
calls=1 352 
* 35
+5 3
cfi=(148) /usr/src/debug/glibc/glibc/elf/dl-call-libc-early-init.c
cfn=(500) _dl_call_libc_early_init
calls=1 27 
* 1636
+7 1
cfi=(9)
cfn=(520) _dl_sysdep_start_cleanup
calls=1 147 
* 2
+4 2
cfi=(45)
cfn=(212)
calls=1 94 
* 7
+1 2
-1 1
+1 1
cfi=(45)
cfn=(148)
calls=1 104 
* 11
+1 1
+3 3
cfi=(49)
cfn=(522)
calls=1 41 
* 8
+4 1
cfi=(66)
cfn=(524) _dl_unload_cache
calls=1 508 
* 19
+5 8
225 2
-2 2
+2 2
2255 1
+1 1
-3 2
1737 1
-6 3
+6 1
fi=(3)
56 5
+3 4
fe=(2)
1951 1
-4 1
+4 2
+14 4
fi=(35) /usr/src/debug/glibc/glibc/elf/../sysdeps/unix/sysv/linux/dl-vdso.h
40 2
+1 4
fi=(36)
-11 1
+3 1
+3 1
+3 1
+6 1
fi=(35)
+10 2
fi=(3)
+17 3
+12 3
+1 5
+1 5
+1 5
+1 4
+1 5
+1 5
+1 5
+12 2
+7 1
-7 7
+7 2
fe=(2)
1701 4
1991 2
cfn=(260)
calls=1 735 
* 889
* 2
fi=(3)
62 4
+2 4
fe=(2)
2607 2
+2 2
+1 1
84 1
1799 2
84 3
1799 2
cfn=(154) handle_preload_list
calls=1 853 
* 2966
* 1
91 3
+9 3
1900 16
+1 1
-1 1
+4 3
+1 1
+1 2
+1 2
-7 2

fn=(166)
642 2
+2 1
-2 4
+2 1
+1 2
-1 2
+1 3
cfi=(30)
cfn=(168)
calls=1 2189 
* 2508
* 1
+2 3

fn=(154)
853 11
+5 5
-4 2
+17 1
182 1
873 2
182 2
875 2
+1 4
cfn=(158)
calls=1 -88 
* 2654
* 1
-18 2
+3 3
cfi=(50) /usr/src/debug/glibc/glibc/string/../string/strcspn.c
cfn=(156) strcspn
calls=1 32 
* 238
* 1
+1 3
+2 4
cfi=(29)
cfn=(82)
calls=1 210 
* 19
+1 2
+14 9

fl=(20)
fn=(50)
255 24
-5 12
+17 12
-17 96
+11 12
+6 36
+4 24
+34 96
-29 12
+3 24
-3 12
+3 12
cfn=(52) intel_check_word.constprop.0
calls=12 123 
* 4140
+2 24
+3 60
cfn=(52)
calls=12 123 
* 1319
+2 24

fn=(56)
613 11
+18 1
+29 1
-32 1
+32 1
-17 2
-11 1
+28 2
+4 2
-26 1
+31 1
-14 1
+17 1
-32 4
+32 3
+10 26
+14 2
+4 1
+3 1
+1 1
-4 2
+3 3
+6 2
-37 12
+6 6
-6 3
+6 2
+1 8
812 4
+1 5
+4 2
+7 1
+1 1
+1 1
+1 7
687 2
+4 1
+1 1
-1 2
+18 2
-69 6
+75 4
+8 1
+2 1
-2 5
+2 2
-2 2
+22 5
+5 2
-21 4
+3 1
+1 2
-4 3
+3 1
+1 6
+2 4
+3 2
+5 1
+2 2
+1 1
+1 1
-2 2
+1 1
-19 8
+46 2
+2 1
-1 1
+1 2
+2 2
-1 2
+25 3
-48 2
-7 1
+11 2
+3 1
+2 4
+1 2
+5 2

fn=(52)
123 48
-4 48
+10 72
+87 24
-97 72
+90 24
-90 48
+10 48
-10 24
+10 24
+73 72
-73 24
+73 48
-69 24
+2 48
-10 12
246 144
-30 144
fi=(21) /usr/src/debug/glibc/glibc/elf/../bits/stdlib-bsearch.h
28 144
fe=(20)
+82 96
fi=(21)
-82 828
fe=(20)
+82 552
+3 588
fi=(21)
-87 648
fe=(20)
131 144
+2 36
+2 132
+8 120
+51 96
fi=(21)
44 60
-1 60
+3 120
fe=(20)
155 36
+3 36
+9 24
+1 24
+1 24
+1 24
-18 24
+12 24
+1 24
+22 21
-32 63
+3 63
+4 64
+2 128
+3 58
+1 50
+1 38
+1 24
+2 11
+2 22
+6 14
+3 8
+1 12
-3 9
-5 4
+2 4
+1 4
-2 4
-1 4
+2 8
-2 4
+3 4
-2 12
+2 12
+11 2

fl=(48)
fn=(150)
28 2
+1 2

fl=(215) /usr/src/debug/glibc/glibc/elf/dl-fini.c
fn=(872) _dl_fini
26 6
+17 1
-17 4
+20 8
+3 2
cob=(2)
cfi=(216) /usr/src/debug/glibc/glibc/nptl/pthread_mutex_lock.c
cfn=(874) pthread_mutex_lock@@GLIBC_2.2.5
calls=1 +28 
* 41
+2 1
+3 2
+2 5
-10 4
+95 4
+2 1
-2 2
+6 2
+7 8
-91 3
-2 1
+2 1
cfi=(49)
cfn=(522)
calls=1 -22 
* 8
+5 16
+6 1
-6 1
+4 1
+2 3
+2 8
+2 8
+2 8
+1 4
+1 4
+4 4
-12 12
+19 6
+1 4
+6 6
cfi=(13)
cfn=(246)
calls=1 298 
* 293
+9 2
cob=(2)
cfi=(217) /usr/src/debug/glibc/glibc/nptl/pthread_mutex_unlock.c
cfn=(876) pthread_mutex_unlock@@GLIBC_2.2.5
calls=1 367 
* 38
+5 10
+14 4
-14 8
+2 4
+2 8
+2 16
cfi=(218) /usr/src/debug/glibc/glibc/elf/dl-call_fini.c
cfn=(880) _dl_call_fini
calls=4 -96 
* 318
+3 8
cfi=(49)
cfn=(904)
calls=4 -26 
* 20
* 12
+8 2
+4 3
cfi=(49)
cfn=(522)
calls=1 -94 
* 8
* 2

fl=(15) /usr/src/debug/glibc/glibc/elf/../sysdeps/x86/dl-get-cpu-features.c
fn=(482) __x86_cpu_features
76 1
-37 3
+37 2

fn=(34) _dl_x86_init_cpu_features
37 1
+2 3
+2 1
cfi=(16)
cfn=(36)
calls=1 724 
* 7287

fl=(218)
fn=(880)
24 32
+4 8
+6 4
-2 4
+3 8
+4 4
+3 4
-4 10
+5 2
cob=(4)
cfi=(160)
cfn=(906)
calls=1 -43 
* 94
cob=(5)
cfi=(166)
cfn=(882) 0x0000000000001180
calls=1 -43 
* 94
-1 6
+5 4
+1 8
+1 4
+1 10
-1 2
cob=(3)
cfi=(159)
cfn=(920) 0x0000000004844274
calls=1 -49 
* 4
cob=(3)
cfi=(159)
cfn=(902) 0x0000000004002b1c
calls=1 -49 
* 4
+1 12

fl=(145)
fn=(486)
74 36
+1 3
-1 3
+2 6
+2 9
+37 3
-37 9
+1 6
+2 12
+3 25
+3 6
-1 3
+1 3
-1 3
+1 3
-1 3
+1 3
cfn=(488) check_match
calls=3 -56 
* 545
* 3
+3 6
+3 6
+23 27

fn=(488)
31 30
+1 6
fi=(4)
+47 3
fe=(145)
-47 6
+1 9
+2 6
+1 6
+12 9
+3 9
+2 9
cfi=(33)
cfn=(100)
calls=3 +45 
* 209
* 6
+4 6
+1 15
+1 9
cfi=(33)
cfn=(100)
calls=3 +39 
* 171
-19 9
+24 27

fl=(42)
fn=(126)
32 14
+1 14
+1 14
+1 14
+1 14
+1 14
+1 14
+1 14
+1 14
+1 14
+1 14
+1 14
+1 14
+1 14
+1 14
+1 14
+1 14
+1 14
+1 12
+4 12
+1 12
+1 12
+1 12
+2 12
+4 2
+1 2
+1 2
+1 2
+1 2
+1 2
+1 2
+1 2
+1 2
+1 2
+1 2
+1 2
+1 2
+1 2
+1 2
+1 2
+1 2
+1 2
+1 2
+1 2
+1 2
+1 2
+1 2
+1 2
+52 2
+4 2
+1 2
+1 2
+1 2
+2 2

fl=(46)
fn=(274) allocate_dtv
458 1
fi=(28)
44 1
fe=(46)
458 4
+5 1
+5 1
fi=(28)
44 1
cfi=(27)
cfn=(74)
calls=1 +36 
* 29
fe=(46)
469 2
-2 1
+11 1
-11 1
+11 2
+6 4

fn=(144)
226 1
+2 2
+1 1
+15 2

fn=(472)
608 11
+1 2
+4 1
+9 1
-3 1
-6 1
+6 1
cfi=(24)
cfn=(88)
calls=1 43 
* 3
+3 3
+36 1
-43 1
+43 2
-19 12
+9 3
+1 2
+6 3
+3 1
-2 1
+6 1
-6 1
+2 2
+4 1
-4 3
+3 2
+4 2
+1 4
+2 2
+1 2
+9 1
+10 3
+2 4
cfi=(29)
cfn=(136)
calls=1 197 
* 21
* 6
cfi=(44)
cfn=(140)
calls=1 137 
* 25
+3 3
+1 1
+4 1
-59 4
+6 4
+59 2
cfi=(24)
cfn=(88)
calls=1 43 
* 3
+3 2
+3 9

fn=(470)
1130 1
+1 1
+3 4
+6 2
-6 3
+2 6
+1 4
+6 1
+1 1

fn=(264)
131 2
+3 1
-3 3
+3 1
-3 1
+3 1
-3 2
+3 1
cfi=(11)
cfn=(28)
calls=1 438 
* 17
* 1
+1 4
cfi=(11)
cfn=(28)
calls=1 438 
* 17
+1 1
+2 1
-3 1
+1 2
+2 3
+3 1
+2 1
-26 3
+28 3
+1 6

fn=(240)
159 1
+3 2
-3 2
+3 1
+53 1
+2 1
+3 1
+1 2

fn=(270)
515 6
fi=(74) /usr/src/debug/glibc/glibc/elf/./dl-tls_block_align.h
23 1
fe=(46)
+74 1
521 2
fi=(28)
56 1
cfi=(27)
cfn=(78)
calls=1 -20 
* 103
fe=(46)
523 2
fi=(74)
41 2
+6 4
+5 1
-5 1
+1 1
+4 304
fe=(46)
533 1
+2 2
cfn=(274)
calls=1 -77 
* 49
+1 2
103 1
541 5

fn=(468)
1169 1
+1 5
-1 4
+9 1
+3 1
+1 1
+4 3
+36 2
+3 2
+1 3
+5 1
-3 1
+4 2

fn=(266)
249 7
+35 1
-35 1
+37 3
-34 1
-1 1
-1 2
+63 3
+3 1
-3 5
+5 1
+7 1
-7 4
+3 1
-34 1
-1 2
+1 3
-1 6
+3 12
+4 1
-1 1
+5 1
-5 1
+1 1
-1 1
+3 2
+2 3
fi=(73) /usr/src/debug/glibc/glibc/elf/../sysdeps/unix/sysv/linux/dl-extra_tls.h
32 3
+12 1
-12 1
cfi=(11)
cfn=(28)
calls=1 438 
* 18
+1 3
+4 10
+14 4
cfi=(11)
cfn=(28)
calls=1 438 
* 18
+1 3
fe=(46)
348 6
+14 1
+91 1
-94 1
+2 1
-2 2
+3 6
+2 2
+90 7
fi=(73)
54 1
fe=(46)
342 3
+6 3

fl=(9)
fn=(520)
147 1
+1 1

fn=(18) _dl_sysdep_parse_arguments
78 1
+2 1
-2 7
+1 1
+1 1
-1 1
+2 3
+2 3
-1 1
+1 2
-1 80
+1 160
+7 56
fi=(10) /usr/src/debug/glibc/glibc/elf/../sysdeps/unix/sysv/linux/dl-parse_auxv.h
-48 1
fe=(9)
+44 1
fi=(10)
-53 1
fe=(9)
+53 1
fi=(10)
-53 1
+1 1
+1 1
+7 3
+1 40
+1 40
-2 80
+13 1
+10 1
fe=(9)
+29 1
fi=(10)
-27 1
fe=(9)
+26 1
+2 1
fi=(10)
-40 1
+2 1
fe=(9)
+37 1
fi=(10)
-47 1
+10 1
+8 1
-17 1
+1 1
+16 1
-15 1
+1 1
+14 1
+2 1
-15 1
+1 1
+1 2
+13 3
-18 1
+6 1
-5 1
+5 1
+2 1
-6 1
+6 1
fe=(9)
+37 1
fi=(10)
-42 1
-4 1
+5 1
+1 1
-8 1
+21 1
-20 1
+18 1
fe=(9)
+28 1
+1 1
+1 1
+1 8

fn=(16)
102 5
+4 1
-4 1
+1 1
+3 1
cfn=(18)
calls=1 -28 
* 540
+4 2
cfi=(11)
cfn=(22)
calls=1 294 
* 21409
+3 1
cfi=(13)
cfn=(26) _dl_sort_maps_init
calls=1 289 
* 32
+2 2
cfi=(14)
cfn=(30)
calls=1 -79 
* 8
fi=(6)
+94 1
cfi=(15)
cfn=(34)
calls=1 37 
* 7292
fe=(9)
-87 3
+1 1
cfi=(22)
cfn=(62)
calls=1 -66 
* 17
* 1
+2 2
cfi=(23) /usr/src/debug/glibc/glibc/elf/../misc/sbrk.c
cfn=(64) sbrk
calls=1 -88 
* 13
* 3
+12 3
+3 5
cfi=(2)
cfn=(66)
calls=1 1303 
* 104163
+3 4

fl=(60)
fn=(198)
47 12
+3 24
-3 72
+6 24
+5 72
+2 48
-7 29

fl=(22)
fn=(62)
57 12
+44 12
+1 12
+1 12
+1 12
+1 12
+1 12
+1 12
+2 12
+2 12
+31 12
+1 12
+1 12
+1 12
+1 12
+1 6
+2 6
+4 6
+1 6
+1 6
+1 6
+1 6
+1 6
+1 6
+1 6
+1 6
+1 6
+1 6
+1 6
+5 48

fl=(55)
fn=(186)
28 6
+3 3
-3 9
+3 18
+8 21
+2 6

fl=(24)
fn=(88)
43 8
+2 16

fn=(278)
69 2
fi=(227) /usr/src/debug/glibc/glibc/elf/../include/list.h
-25 1
fe=(24)
+25 2
fi=(227)
-26 1
fe=(24)
+27 1
+3 1
fi=(227)
-30 1
+1 1
+1 1
+2 1
fe=(24)
+29 4
+1 2
+1 1
+5 2
+5 1
+6 1
-3 1
+3 1
-6 3
+6 1
+16 4
cfi=(11)
cfn=(28)
calls=1 438 
* 18
fi=(76) /usr/src/debug/glibc/glibc/elf/../sysdeps/unix/sysv/linux/rseq-internal.h
-10 1
-7 1
+7 2
+24 1
fe=(24)
-12 1
+6 2
+1 2
fi=(76)
-11 2
-15 2
+15 2
+4 1
-19 1
+19 3
cfi=(44)
cfn=(140)
calls=1 +25 
* 13
+4 1
-4 1
+4 1
+2 5
+1 2
fe=(24)

fn=(68)
54 4
+3 9
+5 2
+1 1
+2 1

fl=(23)
fn=(64)
37 5
+3 1
+18 2
+4 2
+16 3

fl=(64)
fn=(216)
25 1
+2 7
+4 1

fl=(148)
fn=(500)
27 1
+2 2
-2 1
+6 3
-6 3
+6 1
-6 1
+6 2
cfi=(145)
cfn=(486)
calls=1 +41 
* 253
* 1
+4 3
+2 3
+1 1
-1 1
+2 2
-1 1
cob=(2)
cfi=(149) /usr/src/debug/glibc/glibc/elf/libc_early_init.c
cfn=(502) __libc_early_init
calls=1 -5 
* 1357

fl=(32)
fn=(96)
24 2
+1 2
-1 2
+1 2
cfi=(11)
cfn=(28)
calls=1 438 
* 18
* 5
+14 2

fl=(13)
fn=(26)
289 2
+1 2
-1 2
+1 2
cfi=(11)
cfn=(28)
calls=1 438 
* 18
+2 3
-1 1
+2 2

fn=(246)
298 24
+8 2
-8 2
+8 4
-95 2
-28 2
-2 2
+1 2
+29 2
-28 8
+1 2
-1 2
+1 2
-1 4
+1 6
-1 6
+1 6
-1 12
+28 28
+5 2
+3 6
-3 2
+3 14
-1 2
+3 24
+2 8
-83 40
cfn=(248) dfs_traversal.part.0
calls=8 -5 
* 228
* 8
+86 24
+18 14
+32 8
+7 2
+27 16
-47 6
cfi=(29)
cfn=(82)
calls=2 -53 
* 22
* 2

fn=(248)
135 40
+10 8
-2 8
+2 16
+2 20
-7 20
+7 40
+9 16
+15 24
+1 8
+1 16
-17 12

fl=(44)
fn=(140)
137 5
+1 25
+5 5
+1 5
+3 3
+1 3
+2 1
+1 1
+1 1
+84 2
+1 2
+12 2
+3 2
+1 2
+12 2
+1 2
+13 2
+1 2
+2 2
+3 1
+3 2
+3 1
+1 1
+1 1
+1 1
+1 1
+1 1
+1 1
-6 34
+1 34
+1 34
+1 34
+1 34
+1 34
+1 34
+3 2
+1 2
+1 2
+1 2
+5 2
+46 2
+2 2
+1 2
+39 2
+1 2
+2 2

fl=(54)
fn=(182)
40 12
+1 2
cfi=(22)
cfn=(62)
calls=2 +16 
* 70
* 2
fi=(228) /usr/src/debug/glibc/glibc/string/../include/rtld-malloc.h
+15 4
cfi=(27)
cfn=(78)
calls=2 -20 
* 36
fe=(54)
-12 4
+3 4
+1 2
-1 2
+1 4
-1 2
cfi=(29)
cfn=(82)
calls=2 210 
* 30

fl=(39)
fn=(116)
29 1
fi=(18)
+2 1
fe=(39)
+7 1
fi=(18)
-7 3
fe=(39)
+21 2
fi=(18)
-20 3
+7 1
fe=(39)
-1 1
fi=(18)
+1 4
+1 4
+8 1
fe=(39)
-5 1
fi=(18)
+5 2
+3 4
+3 2
fe=(39)
-3 5

fl=(66)
fn=(230) search_cache
206 2
-8 1
+11 2
-11 9
+1 1
-1 3
+11 2
332 6
206 12
+2 44
-22 11
+22 11
+1 11
-23 11
+23 11
+4 22
+4 33
cfn=(232) _dl_cache_libcmp
calls=11 340 
* 756
+1 22
329 10
+1 4
206 8
+8 2
-6 9
+20 1
+3 2
+2 4
cfn=(232)
calls=1 340 
* 71
* 2
-7 5
+9 3
+37 9
-27 2
+10 3
+1 4
+7 2
+9 1
fi=(67) /usr/src/debug/glibc/glibc/elf/../sysdeps/generic/dl-cache.h
125 1
fe=(66)
272 4
+9 2
+5 2
+27 1
+23 9

fn=(224)
386 6
+2 2
+3 3
+74 3
+3 5
cfn=(230)
calls=1 206 
* 1131
* 1
+15 2
+4 2
+8 2
cfi=(22)
cfn=(62)
calls=1 57 
* 35
+1 1
-1 1
+1 11
+1 2
-1 1
+1 1
cfi=(29)
cfn=(82)
calls=1 210 
* 11
* 1
+1 1
cfi=(54)
cfn=(182)
calls=1 40 
* 83
+1 3
394 5
cfi=(53)
cfn=(226)
calls=1 36 
* 103
* 1
+8 6
+1 6
+93 2
-93 2
+3 4
+1 1
-1 2
fi=(67)
194 1
+1 5
fe=(66)
414 1
+1 2

fn=(524)
508 1
+1 4
-1 1
+3 1
-3 1
+3 1
cfi=(141)
cfn=(526)
calls=1 117 
* 6
+7 1
-6 1
+4 1
+2 1

fn=(232)
340 12
+1 39
+4 57
-2 57
+2 57
-2 114
+20 112
+2 112
-24 45
+28 45
+1 45
-29 90
+32 3
-28 2
+8 1
-2 1
+1 2
-1 1
+2 3
+2 3
-3 1
+3 1
+2 2
+9 22

fl=(43)
fn=(130)
59 1
+12 1
+1 1
+22 1
+1 1
+45 1
+1 1
+2 1
+1 1
+2 1
+1 1
+2 1
+1 1
+47 1
+1 1
+1 1
+1 1
+1 1
+1 1

fl=(50)
fn=(156)
32 5
+1 3
+1 2
+5 6
+1 4
+1 4
+1 4
+2 1
+3 3
+1 2
-1 6
+1 4
+3 4
+1 4
+1 4
+1 4
+2 3
+6 1
-1 1
+1 1
+2 2
-1 2
+2 1
+2 6
-5 11
-1 11
+1 11
+2 22
-1 22
+2 11
+2 66
+2 1
+1 2
+1 1
-1 2
+1 1

fl=(29)
fn=(136)
197 5
+1 5
+1 5
+1 5
+17 5
+1 5
+2 3
+1 3
+1 3
+2 1
+1 1
+1 1
+2 1
+80 2
+1 2
+55 2
+1 2
+1 2
+1 2
+1 2
+7 2
+1 2
+1 2
+1 2
+1 2
+1 2
+1 2
+11 2
+1 2
+2 2
+1 2
+1 2

fn=(82)
210 14
+1 14
+6 14
+1 14
+2 10
+1 10
+1 10
+2 7
+1 7
+1 7
+2 7
+80 4
+1 4
+2 1
+4 1
+1 1
+1 1
+1 1
+1 1
+4 1
+2 1
+39 3
+1 3
+1 3
+1 3
+1 3
+7 3
+1 3
+1 3
+1 3
+1 3
+1 3
+1 3
+11 3
+1 3
+2 3
+1 3
+1 3

fl=(56)
fn=(188)
25 2
+1 8
+1 2

fl=(78)
fn=(288)
207 28
+13 4
-13 20
+16 4
-16 4
+16 4
+3 12
+20 12
+1 8
-30 4
+33 4
+7 8
fi=(6)
78 6
+6 4
+4 3
+6 1
+9 2
+23 2
fi=(4)
-47 1
fe=(78)
296 2
fi=(4)
79 2
fe=(78)
296 2
fi=(4)
79 3
fe=(78)
296 6
fi=(4)
79 6
fe=(78)
296 11449
fi=(4)
79 2
fe=(78)
296 2
fi=(4)
79 4
fe=(78)
296 150
fi=(5)
49 1
+4 1
+27 1
-32 1
+1 1
+1 1
-1 1
+4 1
-3 2
+3 1
-3 2
+3 2
+27 2
fe=(78)
296 21
fi=(5)
49 3
+4 3
+27 3
-32 3
+1 3
+1 3
-1 3
+4 3
-3 6
+3 3
-3 6
+3 6
+27 6
fe=(78)
296 4
fi=(5)
49 4
+4 4
+27 4
-32 4
+1 4
+1 4
-1 4
+4 4
-3 8
+3 4
-3 8
+3 8
+27 8
+3 7
fi=(6)
509 22
+4 22
+3 33
+1 11
fi=(5)
83 33
+2 44
-2 3
+13 2
fe=(78)
296 24
fi=(6)
725 24
+4 6
fe=(78)
298 16
+23 4
+3 8
+14 32
fi=(5)
105 21
+9 12
fi=(6)
493 9
+5 6
+1 6
fi=(5)
114 3
fi=(6)
499 6
fi=(5)
114 6
+3 28
+3 25
+2 10
fe=(78)
+68 3
fi=(5)
73 3
fe=(78)
190 3
fi=(6)
431 18
fi=(5)
124 6
+1 3
-1 3
+5 3
-5 6
+1 9
+4 6
-5 302
+1 151
-1 151
+5 151
-5 302
+1 453
+4 302
-2 107
-1 321
+1 214
-1 107
+1 107
fi=(6)
262 214
+7 214
+4 214
fe=(78)
170 428
fi=(4)
-18 276
fe=(78)
+19 184
+3 184
+8 170
-8 759
+12 168
-3 84
+1 84
+2 338
-3 1
+1 1
+2 89
+1 85
-1 85
+2 170
-1 340
+3 510
cfi=(79)
cfn=(296)
calls=85 769 
* 48389
+3 85
+1 170
-4 85
+4 425
fi=(6)
+88 276
+3 89
-3 624
+4 208
+26 642
418 24
fi=(5)
141 24
fi=(6)
418 166
fi=(5)
141 281
-19 462
+33 18
+1 20
+1 141
+3 94
+4 47
-2 47
+1 47
-3 47
+2 141
fe=(78)
+8 188
fi=(6)
282 235
+4 94
471 94
+1 94
+1 47
cfi=(15)
cfn=(482)
calls=1 76 
* 6
cob=(2)
cfi=(140) /usr/src/debug/glibc/glibc/string/../sysdeps/x86_64/multiarch/strspn.c
cfn=(462) strspn
calls=1 29 
* 7
cob=(2)
cfi=(138) /usr/src/debug/glibc/glibc/string/../sysdeps/x86_64/multiarch/memchr.c
cfn=(458) memchr
calls=1 29 
* 21
cob=(2)
cfi=(137) /usr/src/debug/glibc/glibc/string/../sysdeps/x86_64/multiarch/memmove.c
cfn=(454) memmove
calls=1 29 
* 22
cob=(2)
cfi=(136) /usr/src/debug/glibc/glibc/string/../sysdeps/x86_64/multiarch/strncpy.c
cfn=(450) strncpy
calls=1 29 
* 21
cob=(2)
cfi=(135)
cfn=(446)
calls=1 29 
* 25
cob=(2)
cfi=(134) /usr/src/debug/glibc/glibc/string/../sysdeps/x86_64/multiarch/strcasecmp_l.c
cfn=(442) strcasecmp_l
calls=1 31 
* 22
cob=(2)
cfi=(133) /usr/src/debug/glibc/glibc/string/../sysdeps/x86_64/multiarch/strcpy.c
cfn=(438) strcpy
calls=1 29 
* 19
cob=(2)
cfi=(131) /usr/src/debug/glibc/glibc/string/../sysdeps/x86_64/multiarch/memcmp.c
cfn=(434) bcmp
calls=1 29 
* 25
cob=(2)
cfi=(130) /usr/src/debug/glibc/glibc/string/../sysdeps/x86_64/multiarch/strchrnul.c
cfn=(430) strchrnul
calls=1 31 
* 25
cob=(2)
cfi=(129) /usr/src/debug/glibc/glibc/string/../sysdeps/x86_64/multiarch/strncase_l.c
cfn=(426) strncasecmp_l
calls=1 31 
* 22
cob=(2)
cfi=(128) /usr/src/debug/glibc/glibc/wcsmbs/../sysdeps/x86_64/multiarch/wcscpy.c
cfn=(424) wcscpy
calls=1 60 
* 17
cob=(2)
cfi=(127) /usr/src/debug/glibc/glibc/string/../sysdeps/x86_64/multiarch/strcspn.c
cfn=(422) strcspn
calls=1 29 
* 7
cob=(2)
cfi=(121) /usr/src/debug/glibc/glibc/string/../sysdeps/x86_64/multiarch/stpncpy.c
cfn=(416) strcasecmp
calls=1 31 
* 22
cob=(2)
cfi=(125) /usr/src/debug/glibc/glibc/string/../sysdeps/x86_64/multiarch/strncmp.c
cfn=(414) strncmp
calls=1 67 
* 22
cob=(2)
cfi=(123) /usr/src/debug/glibc/glibc/wcsmbs/../sysdeps/x86_64/multiarch/wmemchr.c
cfn=(410) wmemchr
calls=2 31 
* 42
cob=(2)
cfi=(121)
cfn=(406) stpncpy
calls=1 31 
* 21
cob=(2)
cfi=(120) /usr/src/debug/glibc/glibc/wcsmbs/../sysdeps/x86_64/multiarch/wcscmp.c
cfn=(402) wcscmp
calls=1 30 
* 25
cob=(2)
cfi=(119) /usr/src/debug/glibc/glibc/string/../sysdeps/x86_64/multiarch/strrchr.c
cfn=(398) rindex
calls=1 28 
* 25
cob=(2)
cfi=(118) /usr/src/debug/glibc/glibc/string/../sysdeps/x86_64/multiarch/strchr.c
cfn=(396) index
calls=1 65 
* 21
cob=(2)
cfi=(116) /usr/src/debug/glibc/glibc/wcsmbs/../sysdeps/x86_64/multiarch/wcschr.c
cfn=(392) wcschr
calls=2 31 
* 50
cob=(2)
cfi=(115) /usr/src/debug/glibc/glibc/string/../sysdeps/x86_64/multiarch/memrchr.c
cfn=(388) memrchr
calls=1 29 
* 25
cob=(2)
cfi=(114)
cfn=(386)
calls=1 79 
* 20
cob=(2)
cfi=(113) /usr/src/debug/glibc/glibc/string/../sysdeps/x86_64/multiarch/strpbrk.c
cfn=(384) strpbrk
calls=1 29 
* 7
cob=(2)
cfi=(111) /usr/src/debug/glibc/glibc/string/../sysdeps/x86_64/multiarch/strnlen.c
cfn=(380) strnlen
calls=2 31 
* 50
cob=(2)
cfi=(110) /usr/src/debug/glibc/glibc/wcsmbs/../sysdeps/x86_64/multiarch/wcsnlen.c
cfn=(376) wcsnlen
calls=1 30 
* 20
cob=(2)
cfi=(108) /usr/src/debug/glibc/glibc/string/../sysdeps/x86_64/multiarch/memset.c
cfn=(372) memset
calls=1 29 
* 23
cob=(2)
cfi=(106) /usr/src/debug/glibc/glibc/wcsmbs/../sysdeps/x86_64/multiarch/wcslen.c
cfn=(368) wcslen
calls=1 29 
* 20
cob=(2)
cfi=(105) /usr/src/debug/glibc/glibc/debug/../sysdeps/x86_64/multiarch/mempcpy_chk.c
cfn=(364) __mempcpy_chk
calls=1 29 
* 22
cob=(2)
cfi=(104) /usr/src/debug/glibc/glibc/debug/../sysdeps/x86_64/multiarch/memcpy_chk.c
cfn=(360) __memcpy_chk
calls=1 29 
* 22
cob=(2)
cfi=(103) /usr/src/debug/glibc/glibc/wcsmbs/../sysdeps/x86_64/multiarch/wcsncpy.c
cfn=(356) wcsncpy
calls=1 31 
* 18
cob=(2)
cfi=(102)
cfn=(352)
calls=1 29 
* 22
cob=(2)
cfi=(100) /usr/src/debug/glibc/glibc/debug/../sysdeps/x86_64/multiarch/memset_chk.c
cfn=(348) __memset_chk
calls=1 29 
* 23
cob=(2)
cfi=(99) /usr/src/debug/glibc/glibc/string/../sysdeps/x86_64/multiarch/strcat.c
cfn=(344) strcat
calls=1 29 
* 19
cob=(2)
cfi=(97) /usr/src/debug/glibc/glibc/wcsmbs/../sysdeps/x86_64/multiarch/wmemset.c
cfn=(340) wmemset
calls=2 31 
* 20
cob=(2)
cfi=(96) /usr/src/debug/glibc/glibc/wcsmbs/../sysdeps/x86_64/multiarch/wcscat.c
cfn=(336) wcscat
calls=1 31 
* 18
cob=(2)
cfi=(94) /usr/src/debug/glibc/glibc/wcsmbs/../sysdeps/x86_64/multiarch/wmemcmp.c
cfn=(332) wmemcmp
calls=1 29 
* 25
cob=(2)
cfi=(92) /usr/src/debug/glibc/glibc/debug/../sysdeps/x86_64/multiarch/memmove_chk.c
cfn=(328) __memmove_chk
calls=1 29 
* 22
cob=(2)
cfi=(90) /usr/src/debug/glibc/glibc/string/../sysdeps/x86_64/multiarch/stpcpy.c
cfn=(324) stpcpy
calls=1 33 
* 19
cob=(2)
cfi=(88) /usr/src/debug/glibc/glibc/wcsmbs/../sysdeps/x86_64/multiarch/wcpncpy.c
cfn=(320) wcpncpy
calls=1 31 
* 18
cob=(2)
cfi=(86) /usr/src/debug/glibc/glibc/string/../sysdeps/x86_64/multiarch/mempcpy.c
cfn=(316) mempcpy
calls=1 33 
* 22
cob=(2)
cfi=(84) /usr/src/debug/glibc/glibc/string/../sysdeps/x86_64/multiarch/strncase.c
cfn=(312) strncasecmp
calls=1 31 
* 22
cob=(2)
cfi=(82) /usr/src/debug/glibc/glibc/string/../sysdeps/x86/cacheinfo.c
cfn=(308) __x86_cacheinfo
calls=1 86 
* 30
fi=(5)
156 47
fi=(6)
474 47
fi=(5)
156 96
fe=(78)
296 10
fi=(5)
51 4
fi=(4)
+28 8
fi=(6)
395 48
+2 64
+4 16
+9 16
-9 32
+9 16
fi=(5)
141 32
fi=(6)
465 15
282 30
fi=(5)
132 47
+1 47
-1 141
+2 47
fe=(78)
+41 84
+3 7
-1 7
+19 7
-18 14
296 116
fi=(6)
-14 94
fi=(5)
73 2
+98 4
fe=(78)
+19 5
fi=(5)
-17 3
+3 1
-3 4
+3 2
-3 15
+3 5
-3 20
+3 10
-2 12
+10 6
fi=(6)
+78 12
+7 12
+4 12
fe=(78)
170 24
fi=(4)
-18 18
fe=(78)
+19 12
+3 12
+8 12
-8 54
+12 12
-3 6
+1 6
+2 36
+4 30
-4 6
+4 12
cfi=(79)
cfn=(296)
calls=6 769 
* 2840
+3 6
+1 12
-4 6
+4 30
fi=(6)
+88 18
+3 2
-3 12
+4 4
+26 36
418 6
fi=(5)
187 18
-16 18
+31 6
fe=(78)
+48 4
+7 8
-9 4

fn=(464)
352 4
+1 12
+3 20
+3 4
-3 4
+3 4
+4 8
-11 4
+12 12
-12 12
+12 4
-12 4
+12 4
cfi=(141)
cfn=(466)
calls=4 117 
* 24
* 8
+6 12

fn=(286)
343 5
+1 12
-1 9
+3 6
cfn=(288)
calls=3 207 
* 78157
+1 3
+1 3
-1 3
cfn=(464)
calls=3 +5 
* 105

fl=(27)
fn=(74)
80 8
+4 8
-4 32
+7 8
+1 24
fi=(28)
-32 8
cfi=(27)
cfn=(78)
calls=8 -20 
* 267
fe=(27)

fn=(78)
36 21
+1 63
+11 60
+3 20
-3 20
+3 40
-3 2
+3 1
-3 1
+3 78
+5 8
+1 4
-21 2
+24 6
-24 6
+24 2
-24 2
+23 2
+1 4
-24 2
+24 2
cfi=(60)
cfn=(198)
calls=2 -13 
* 52
+2 4
+2 10
cfi=(69)
cfn=(236)
calls=2 -4 
* 82
+1 8
+2 2
+4 2
-1 2
-3 2
+4 2
+2 10
-3 19
+1 19
+2 19
-30 1
-1 1
+1 1
+1 2
-2 2

fl=(79)
fn=(300) do_lookup_x
344 1260
+1 105
-1 315
fi=(81) /usr/src/debug/glibc/glibc/elf/../sysdeps/generic/dl-protected.h
29 105
fe=(79)
351 105
fi=(81)
29 420
fe=(79)
393 1029
+8 343
-4 343
+1 343
+3 1372
+1 686
+3 343
-3 343
+4 686
+3 343
+4 343
-4 343
+1 343
-2 343
+5 1029
+3 2401
+99 735
355 1029
+3 686
+4 686
+21 686
+4 686
fi=(4)
151 196
+1 294
fe=(79)
473 196
fi=(81)
29 196
fe=(79)
480 760
+16 196
+1 98
+22 98
-21 98
+21 686
-99 294
-1 196
+2 196
+2 98
+6 490
-6 98
+6 686
+7 363
-10 1095
+2 198
+1 198
-1 99
+1 198
+1 99
-1 297
+1 99
-1 693
cfn=(302) check_match
calls=99 70 
* 12473
+4 1179
+51 18
+35 7
-1 7
+1 49

fn=(296)
769 1575
fi=(80) /usr/src/debug/glibc/glibc/elf/../sysdeps/generic/dl-new-hash.h
74 105
+3 210
-8 105
+1 210
+10 105
+1 210
-1 650
+1 1300
+20 708
-2 708
+6 708
-3 1416
+2 708
-30 708
+3 1416
fe=(79)
771 105
+4 105
-4 105
+8 400
+3 190
+6 95
-7 95
+7 495
-15 105
+15 105
-15 840
+15 14
+1 7
-1 21
+1 1575
cfn=(300)
calls=105 344 
* 39399
* 735
+5 210
+23 98
-28 98
+29 661
+35 882
+14 294
+3 196
-57 210
+76 945
fi=(80)
87 47
+1 47
+1 94
+1 47
fe=(79)
782 20
+6 40
-7 20
+37 10
-34 21
+12 49
+18 21
+54 2

fn=(302)
70 198
+3 792
+13 495
-16 891
+19 393
cfi=(33)
cfn=(100)
calls=39 +9 
* 2104
* 78
+4 198
+1 198
+4 192
+4 192
+1 864
+1 475
cfi=(33)
cfn=(100)
calls=95 -6 
* 4188
* 190
+54 95
-54 190
+55 693
-1 3
-17 6
+2 6
+1 3
-1 6
+1 9
-1 6
-65 2
+31 3
+1 1
+1 2

ob=(5)
fl=(173) /home/ardaozcan/Desktop/software-projects/c/gif/main.c
fn=(594) main
8 6
+1 3
+15 9
cfi=(174) /home/ardaozcan/Desktop/software-projects/c/gif/gif.c
cfn=(596) gif_export
calls=1 263 
* 715852
+1 8

fl=(181) /home/ardaozcan/Desktop/software-projects/c/gif/hashmap.c
fn=(658) hash_str
5 1506
+1 502
+1 7720
+1 7140
+1 7140
-2 5712
+5 1506

fn=(656) hashmap_insert
44 792
+1 264
+3 264
cfn=(658)
calls=132 -43 
* 8346
* 792
+1 756
+2 1872
-1 156
+3 720
+1 396
+1 396
+1 264
+1 528
+1 264
+1 192
cob=(2)
cfi=(203) /usr/src/debug/glibc/glibc/string/../sysdeps/x86_64/multiarch/strcmp-avx2.S
cfn=(764) __strcmp_avx2
calls=24 206 
* 535
* 24
* 48
-59 24
62 24
-13 96
+16 660

fn=(650) hashmap_init
28 7
+3 6
cfi=(179) /home/ardaozcan/Desktop/software-projects/c/gif/mem.c
cfn=(652) arena_alloc_
calls=1 +4 
* 37
* 1
-1 1
+2 2
+1 1
+1 1
-34 1
34 3
-34 4096
34 12288
-34 4096
35 20480
+1 20480
+1 20480
-3 16384
-34 1
39 3

fn=(754) hashmap_get
69 1850
+1 740
cfn=(658)
calls=370 -65 
* 22880
* 2220
+1 2146
+1 3552
+1 2664
+1 1776
+1 228
+2 1320
+4 1320
cob=(2)
cfi=(203)
cfn=(764)
calls=330 206 
* 7095
cob=(1)
cfi=(175)
cfn=(604)
calls=1 -42 
* 727
* 334
* 660
+1 1024
+2 74
-13 296
+16 1480

fl=(179)
fn=(652)
35 1340
+1 804
cfn=(634) arena_push_size
calls=268 -19 
* 6968
* 804

fn=(758) string_from_cstr
104 684
+1 228
cob=(2)
cfi=(202) /usr/src/debug/glibc/glibc/string/../sysdeps/x86_64/multiarch/strlen-avx2.S
cfn=(752) __strlen_avx2
calls=114 -53 
* 1596
* 114
* 114
+2 456
cfn=(660) array_init
calls=114 -61 
* 109797
* 114
+1 570
cfn=(742) array_ensure_capacity
calls=114 -44 
* 2622
+1 456
cob=(2)
cfi=(180) /usr/src/debug/glibc/glibc/string/../sysdeps/x86_64/multiarch/memmove-vec-unaligned-erms.S
cfn=(640) __memcpy_avx_unaligned_erms
calls=114 255 
* 1934
* 114
+1 342
+2 456

fn=(766) string_clear
159 342
+1 228
+1 228
+1 228

fn=(742)
64 5022
+1 2511
+2 3348
+1 3348
+31 1674
+1 3348

fn=(660)
46 702
+1 468
+1 702
cfn=(652)
calls=117 -13 
* 4329
* 117
+2 117
+1 234
+1 351
+1 468
cob=(2)
cfi=(182) /usr/src/debug/glibc/glibc/stdio-common/printf.c
cfn=(666) printf
calls=117 -25 
* 106209
cob=(1)
cfi=(175)
cfn=(604)
calls=1 -14 
* 686
* 121
+1 234
+1 351
+1 351
+3 468

fn=(746) string_copy
145 1275
+1 510
cob=(2)
cfi=(202)
cfn=(752)
calls=255 -94 
* 3570
cob=(1)
cfi=(175)
cfn=(604)
calls=1 39 
* 749
* 259
* 255
+1 1275
+1 510
+1 460
cfn=(742)
calls=115 -85 
* 2645
+3 1020
cob=(2)
cfi=(180)
cfn=(640)
calls=255 255 
* 4247
* 255
+1 765
+1 1020
+1 765

fn=(628) arena_init
7 10
+2 4
+1 4
+1 2
+1 4

fn=(738) string_init
117 10
+1 8
cfn=(660)
calls=2 -72 
* 1982
* 2
+1 8
cfn=(742)
calls=2 -55 
* 46
* 18
+2 8

fn=(632) arena_copy_size
29 198
+1 99
cfn=(634)
calls=33 -13 
* 858
* 132
cob=(2)
cfi=(180)
cfn=(640)
calls=33 255 
* 577
cob=(1)
cfi=(175)
cfn=(604)
calls=1 +9 
* 894
* 37
+1 99

fn=(634)
17 1505
+1 1204
+1 1505
+5 2408
+1 1204

fn=(744) string_append_c
126 3066
+1 2044
cfn=(742)
calls=511 -63 
* 11753
+1 2044
+1 2044
+1 1533
+1 2044
+1 1533

fl=(174)
fn=(736) bit_array_push
116 936
+1 234
+1 117
+1 117
+1 1266
+1 470
+2 470
+1 282
+1 282
-1 376
+2 470
+1 376
+1 376
+2 470
cfi=(179)
cfn=(742)
calls=94 -66 
* 2162
* 1504
+4 188
+1 188
-15 94
+18 585
+1 1170
+1 585
+1 351

fn=(646) gif_write_img_descriptor
64 24
+1 5
cfi=(179)
cfn=(632)
calls=1 -36 
* 59
+1 5
cfi=(179)
cfn=(632)
calls=1 -37 
* 61
* 1
+1 3
cfi=(179)
cfn=(632)
calls=1 -38 
* 61
* 1
+1 3
cfi=(179)
cfn=(632)
calls=1 -39 
* 61
* 1
+1 3
cfi=(179)
cfn=(632)
calls=1 -40 
* 61
* 1
+1 3
cfi=(179)
cfn=(632)
calls=1 -41 
* 59
+1 7

fn=(648) gif_compress_lzw
170 11
+1 4
cfi=(181)
cfn=(650)
calls=1 28 
* 98368
+1 5
+1 3
+2 5
cfn=(654) lzw_hashmap_reset
calls=1 -22 
* 3543
+2 4
cfi=(179)
cfn=(660)
calls=1 46 
* 4129
* 1
+1 2
cfn=(734) bit_array_init
calls=1 -72 
* 11
* 2
+5 3
+1 5
cfn=(736)
calls=1 -68 
* 41
+2 3
cfi=(179)
cfn=(738)
calls=1 -69 
* 1041
* 1
+1 6
cfi=(179)
cfn=(744)
calls=1 -61 
* 51
+2 3
cfi=(179)
cfn=(738)
calls=1 -72 
* 1041
* 1
+1 769
+1 1275
+2 765
cfi=(179)
cfn=(746)
calls=255 -48 
* 19580
+1 765
cfi=(179)
cfn=(744)
calls=255 -68 
* 13005
+2 765
cfi=(181)
cfn=(754)
calls=255 69 
* 36025
* 255
+1 1020
cob=(2)
cfi=(182)
cfn=(666)
calls=255 28 
* 200595
* 255
+2 510
+1 423
cfi=(179)
cfn=(744)
calls=141 -74 
* 7191
+1 141
+2 570
cfi=(179)
cfn=(758)
calls=114 -99 
* 119597
-1 114
+3 684
cfi=(179)
cfn=(652)
calls=114 35 
* 4218
* 114
+1 456
+2 456
cfi=(181)
cfn=(656)
calls=114 44 
* 15865
+1 684
cob=(2)
cfi=(182)
cfn=(666)
calls=114 28 
* 126836
* 114
+2 342
cfi=(181)
cfn=(754)
calls=114 69 
* 16185
* 114
+2 342
+2 684
cfn=(736)
calls=114 -99 
* 12770
+2 228
cfi=(179)
cfn=(766)
calls=114 -58 
* 1026
+1 342
cfi=(179)
cfn=(744)
calls=114 -92 
* 5814
+2 228
+6 912
+1 9
0 228
230 255
-40 1020
+42 3
cfi=(181)
cfn=(754)
calls=1 69 
* 176
* 1
+2 3
+2 6
cfn=(736)
calls=1 116 
* 129
* 1
+2 3
cfn=(736)
calls=1 116 
* 129
* 1
+1 1
cfn=(768) bit_array_pad_last_byte
calls=1 -94 
* 55
+1 4
+1 4
cob=(2)
cfi=(182)
cfn=(666)
calls=1 28 
* 903
* 1
+1 6
0 1
242 3

fn=(654)
153 7
+1 77
+1 108
cfi=(179)
cfn=(652)
calls=18 35 
* 666
* 18
+1 90
+1 36
+1 108
cfi=(179)
cfn=(652)
calls=18 35 
* 666
* 18
+1 54
+1 72
cfi=(181)
cfn=(656)
calls=18 44 
* 1548
-6 72
+8 3

fn=(596)
263 10
+1 2
cob=(2)
cfi=(157) /usr/src/debug/glibc/glibc/malloc/malloc.c
cfn=(610) malloc
calls=1 3465 
* 360
cob=(1)
cfi=(175)
cfn=(604)
calls=1 39 
* 766
* 5
* 1
+1 4
cfi=(179)
cfn=(628)
calls=1 7 
* 12
* 1
+2 3
cfn=(630) gif_write_header
calls=1 11 
* 973
* 1
+2 1
+1 1
+1 1
+1 1
+1 1
+1 1
+1 1
-7 15
cfn=(642) gif_write_logical_screen_descriptor
calls=1 32 
* 380
+10 3
cfn=(644) gif_write_global_color_table
calls=1 49 
* 1239
* 1
+1 2
0 1
283 1
+1 1
+1 1
+1 1
-4 7
cfn=(646)
calls=1 64 
* 419
+7 2
cob=(2)
cfi=(157)
cfn=(610)
calls=1 3465 
* 332
* 1
* 1
+1 4
cfi=(179)
cfn=(628)
calls=1 7 
* 12
* 1
+1 6
+2 1
+2 1
+1 1
+1 4
-3 4
cfn=(648)
calls=1 170 
* 703260
* 3
+7 3
-1 3
cfn=(770) gif_write_img_data
calls=1 78 
* 299
+2 2
cfn=(772) gif_write_trailer
calls=1 99 
* 77
+2 3
cob=(2)
cfi=(204) /usr/src/debug/glibc/glibc/libio/iofopen.c
cfn=(778) fopen@@GLIBC_2.2.5
calls=1 85 
* 951
cob=(1)
cfi=(175)
cfn=(604)
calls=1 39 
* 714
* 5
* 1
+1 2
+1 5
cob=(2)
cfi=(209) /usr/src/debug/glibc/glibc/libio/iofwrite.c
cfn=(816) fwrite
calls=1 31 
* 533
cob=(1)
cfi=(175)
cfn=(604)
calls=1 39 
* 741
* 5
+1 2
cob=(2)
cfi=(210) /usr/src/debug/glibc/glibc/libio/iofclose.c
cfn=(824) fclose@@GLIBC_2.2.5
calls=1 34 
* 650
cob=(1)
cfi=(175)
cfn=(604)
calls=1 39 
* 694
* 5
+3 5
cob=(2)
cfi=(182)
cfn=(666)
calls=1 28 
* 903
* 1
* 1
+1 3
cob=(2)
cfi=(182)
cfn=(666)
calls=1 28 
* 939
* 1
* 1
+1 2
cob=(2)
cfi=(182)
cfn=(666)
calls=1 28 
* 560
* 1
+1 2
cob=(2)
cfi=(157)
cfn=(838) free
calls=1 3501 
* 91
cob=(1)
cfi=(175)
cfn=(604)
calls=1 39 
* 692
* 5
+1 2
cob=(2)
cfi=(157)
cfn=(838)
calls=1 3501 
* 91
* 1
+1 7

fn=(644)
49 5
+1 5
+1 5
+1 69
+1 112
cfi=(179)
cfn=(632)
calls=16 -24 
* 976
-1 64
+3 3

fn=(770)
78 10
+1 4
cfi=(179)
cfn=(632)
calls=1 -50 
* 59
+2 2
+1 4
+1 2
+2 2
-85 1
83 1
+3 4
cfi=(179)
cfn=(632)
calls=1 -57 
* 59
+1 1
+1 4
+1 3
-2 1
cfi=(179)
cfn=(632)
calls=1 -58 
* 65
+3 5
-8 1
+11 1
+1 4
cfi=(179)
cfn=(632)
calls=1 -65 
* 59
+1 7

fn=(630)
11 5
+1 4
+2 4
cfi=(179)
cfn=(632)
calls=1 +15 
* 956
+1 1
+5 3

fn=(768)
145 4
+1 5
cfi=(179)
cfn=(742)
calls=1 -82 
* 23
* 16
+1 2
+1 2
+1 3

fn=(642)
32 29
+1 5
cfi=(179)
cfn=(632)
calls=1 -4 
* 61
* 1
+1 3
cfi=(179)
cfn=(632)
calls=1 -5 
* 61
+2 1
+1 5
+1 6
+1 6
+1 5
+2 5
cfi=(179)
cfn=(632)
calls=1 -13 
* 59
* 1
+1 3
cfi=(179)
cfn=(632)
calls=1 -14 
* 59
* 1
+1 3
cfi=(179)
cfn=(632)
calls=1 -15 
* 59
+1 7

fn=(734)
106 3
+2 2
+1 1
+1 1
+1 4

fn=(772)
99 6
+1 1
+1 4
cfi=(179)
cfn=(632)
calls=1 -72 
* 59
+1 7

fl=(166)
fn=(896) 0x0000000000001110
0 5

fn=(564)
0 12
cob=(2)
cfi=(167) /usr/src/debug/glibc/glibc/csu/../csu/libc-start.c
cfn=(566) __libc_start_main@@GLIBC_2.34
calls=1 242 
0 717667

fn=(882)
0 9
cob=(2)
cfi=(219)
cfn=(888)
calls=1 45 
0 76
0 1
cfn=(896)
calls=1 0 
0 5
0 3

fn=(578) 0x00000000000011d0
0 12

ob=(3)
fl=(159)
fn=(756) 0x00000000048b1240
0 738
cob=(2)
cfi=(202)
cfn=(752)
calls=369 52 
0 5168

fn=(808) 0x00000000048b1330
0 2
cob=(2)
cfi=(185) /usr/src/debug/glibc/glibc/string/../sysdeps/x86_64/multiarch/strchr-avx2.S
cfn=(810) __strchr_avx2
calls=1 53 
0 21

fn=(920)
0 4

fn=(902)
0 4

fn=(554) 0x00000000048b1320
0 2
cob=(2)
cfi=(163) /usr/src/debug/glibc/glibc/string/../sysdeps/x86_64/multiarch/strrchr-avx2.S
cfn=(556) __strrchr_avx2
calls=1 53 
0 34

fn=(676) 0x00000000048b1290
0 2186
cob=(2)
cfi=(185)
cfn=(678) __strchrnul_avx2
calls=1093 53 
0 21820

fn=(540)
0 7

fn=(574) 0x0000000004001000
0 7

ob=(2)
fl=(150) /usr/src/debug/glibc/glibc/ctype/ctype-info.c
fn=(504) __ctype_init
37 1
+2 7
+2 4
+2 1
-1 1
+1 1
-1 1
+2 1

fl=(170) /usr/src/debug/glibc/glibc/setjmp/../sysdeps/x86_64/bsd-_setjmp.S
fn=(588) _setjmp
28 1
+2 1
+2 1
cfi=(171) /usr/src/debug/glibc/glibc/setjmp/../sysdeps/x86_64/setjmp.S
cfn=(590) __sigsetjmp
calls=1 -1 
* 28

fl=(127)
fn=(422)
29 1
fi=(229) /usr/src/debug/glibc/glibc/string/../sysdeps/x86_64/multiarch/ifunc-sse4_2.h
+7 5
fe=(127)
-7 1

fl=(204)
fn=(778)
85 1
+1 2
cfn=(780) __fopen_internal
calls=1 -29 
* 948

fn=(780)
57 9
+8 1
-8 3
+8 1
cfi=(157)
cfn=(610)
calls=1 3465 
* 494
+2 3
+3 1
+2 3
-2 1
+2 4
cfi=(193) /usr/src/debug/glibc/glibc/libio/genops.c
cfn=(788) _IO_no_init
calls=1 589 
* 58
+1 1
+1 1
-1 1
+1 1
cfi=(191) /usr/src/debug/glibc/glibc/libio/fileops.c
cfn=(792) _IO_new_file_init_internal
calls=1 +33 
* 114
+1 5
cfi=(191)
cfn=(800) _IO_file_fopen@@GLIBC_2.2.5
calls=1 247 
* 234
* 2
-38 2
+44 9

fl=(128)
fn=(424)
60 1
-18 2
+1 4
+1 3
+3 3
+3 3
+10 1

fl=(184) /usr/src/debug/glibc/glibc/stdio-common/printf_buffer_to_file.c
fn=(688) __printf_buffer_to_file_done
117 490
+1 1470
-1 1470
+3 980
cfn=(690) __printf_buffer_flush_to_file
calls=490 -71 
* 149313
+1 490
+1 490
-1 490
cfi=(201) /usr/src/debug/glibc/glibc/stdio-common/Xprintf_buffer_done.c
cfn=(732) __printf_buffer_done
calls=490 -96 
* 8820

fn=(690)
49 980
+4 490
-4 1470
+2 1960
+2 1470
+51 490
-39 980
cfn=(672) __printf_buffer_to_file_switch
calls=490 -36 
* 5390
-7 490
+1 490
fi=(190) /usr/src/debug/glibc/glibc/stdio-common/../libio/libioP.h
1036 490
fe=(184)
58 980
+1 490
fi=(190)
1036 980
+1 1470
fe=(184)
59 980
cfi=(191)
cfn=(694) _IO_file_xsputn@@GLIBC_2.2.5
calls=490 1259 
* 128243
* 1470

fn=(672)
29 980
+1 3920
+10 980
+1 980
-1 980
-5 980
+9 980
+1 980

fn=(670) __printf_buffer_to_file_init
108 490
+1 490
fi=(189) /usr/src/debug/glibc/glibc/stdio-common/../include/printf_buffer.h
+18 490
fe=(184)
-18 490
fi=(189)
+28 490
-9 490
-4 490
+13 490
fe=(184)
-26 490
fi=(189)
+13 490
fe=(184)
-12 490
cfn=(672)
calls=490 -83 
* 5390

fl=(108)
fn=(372)
29 1
fi=(109) /usr/src/debug/glibc/glibc/string/../sysdeps/x86_64/multiarch/ifunc-memset.h
+32 5
+3 3
+16 2
+4 4
+8 2
fe=(108)
-63 1
fi=(109)
+71 2
-48 1
+1 2
fe=(108)

fl=(118)
fn=(396)
65 1
-23 2
+2 1
-1 4
+1 2
+4 4
+3 3
+3 3
+11 1

fl=(162) /usr/src/debug/glibc/glibc/misc/init-misc.c
fn=(552) __init_misc
30 1
+1 5
-1 1
+3 1
-3 3
+3 3
cob=(3)
cfi=(159)
cfn=(554)
calls=1 -33 
* 36
+4 1
+1 1
-1 5
+1 3
+2 2

fl=(164)
fn=(558)
545 1
+1 4
+1 3
+1 3
+2 1

fl=(165)
fn=(560)
64 1
+3 3
-1 2
+3 1
-1 1
-1 3
+2 2
-1 2
-1 6
+3 1

fl=(214) /usr/src/debug/glibc/glibc/stdlib/cxa_thread_atexit_impl.c
fn=(870) __call_tls_dtors
148 4
+1 1
-1 1
+1 3
+16 4

fl=(99)
fn=(344)
29 1
fi=(91) /usr/src/debug/glibc/glibc/string/../sysdeps/x86_64/multiarch/ifunc-strcpy.h
+9 2
+1 1
-1 2
+1 2
+4 4
+3 3
+3 3
fe=(99)
-20 1

fl=(115)
fn=(388)
29 1
fi=(112) /usr/src/debug/glibc/glibc/string/../sysdeps/x86_64/multiarch/ifunc-avx2.h
+9 3
+2 4
+1 2
+1 3
+4 4
+3 3
+3 5
fe=(115)

fl=(178) /usr/src/debug/glibc/glibc/misc/../sysdeps/unix/sysv/linux/setvmaname.c
fn=(624) __is_decorate_maps_enabled
33 8
+1 12
+3 4
cob=(1)
cfi=(11)
cfn=(28)
calls=1 438 
* 18
* 3
+5 1
+1 1
+7 3
-7 1
+7 7

fn=(622) __set_vma_name
60 20
+1 2
cfn=(624)
calls=2 -28 
* 58
* 4
+9 12

fl=(104)
fn=(360)
29 1
fi=(93) /usr/src/debug/glibc/glibc/debug/../sysdeps/x86_64/multiarch/ifunc-memmove.h
+27 3
+1 2
+3 3
+14 2
+3 2
+8 2
+8 2
+3 5
fe=(104)

fl=(154) /usr/src/debug/glibc/glibc/stdlib/../sysdeps/unix/sysv/linux/getrandom.c
fn=(512) __getrandom_early_init
238 7
+3 6
+37 5

fl=(102)
fn=(352)
29 2
fi=(87) /usr/src/debug/glibc/glibc/string/../sysdeps/x86_64/multiarch/ifunc-memmove.h
+27 6
+1 4
+3 6
+14 4
+3 4
+8 4
+8 4
+3 10
fe=(102)

fl=(163)
fn=(556)
53 1
+1 1
+1 1
+2 1
+1 1
+4 1
+1 1
+1 1
+3 1
+2 1
+1 1
+1 1
+1 1
+65 1
+1 1
+1 1
+4 1
+1 1
+1 1
+1 1
+4 2
+6 1
+3 1
+1 1
+1 1
+1 1
+1 1
+1 1
+2 1
+1 1
+1 1
+1 1
+1 1

fl=(207) /usr/src/debug/glibc/glibc/io/../sysdeps/unix/sysv/linux/open64.c
fn=(804) open
30 9
+3 2
+8 8
cfi=(200) /usr/src/debug/glibc/glibc/nptl/cancellation.c
cfn=(728) __syscall_cancel
calls=1 +33 
* 27
+2 5
-7 2
+5 1
-5 3
+2 1

fl=(140)
fn=(462)
29 1
fi=(229)
+7 5
fe=(140)
-7 1

fl=(198) /usr/src/debug/glibc/glibc/misc/../sysdeps/unix/sysv/linux/brk.c
fn=(712) brk
36 2
fi=(230) /usr/src/debug/glibc/glibc/misc/../sysdeps/unix/sysv/linux/brk_call.h
-12 4
fe=(198)
+13 4
+1 4
+6 2
+1 2

fl=(134)
fn=(442)
31 1
fi=(85) /usr/src/debug/glibc/glibc/string/../sysdeps/x86_64/multiarch/ifunc-strcasecmp.h
+5 1
+1 4
fe=(134)
-6 2
fi=(85)
+7 3
+4 4
+3 3
+3 4
fe=(134)

fl=(167)
fn=(566)
242 13
+69 2
+1 4
cfi=(168) /usr/src/debug/glibc/glibc/stdlib/cxa_atexit.c
cfn=(568) __cxa_atexit
calls=1 67 
* 73
+25 6
+6 2
-3 2
+10 2
cob=(1)
cfi=(49)
cfn=(584)
calls=1 118 
* 5
+2 2
+8 4
cfi=(169) /usr/src/debug/glibc/glibc/csu/../sysdeps/nptl/libc_start_call_main.h
cfn=(586) (below main)
calls=1 29 
* 717498
128 2
+6 3
+1 6
cob=(3)
cfi=(159)
cfn=(574)
calls=1 0 
* 7
* 1
+3 1
+1 2
+3 3
+2 2
-1 7
+2 4
cob=(5)
cfi=(166)
cfn=(578)
calls=1 0 
* 12
-1 4

fl=(116)
fn=(392)
31 2
fi=(117) /usr/src/debug/glibc/glibc/wcsmbs/../sysdeps/x86_64/multiarch/ifunc-avx2.h
+7 6
+2 8
+1 4
+1 6
+4 8
+3 6
+3 10
fe=(116)

fl=(88)
fn=(320)
31 1
fi=(89) /usr/src/debug/glibc/glibc/wcsmbs/../sysdeps/x86_64/multiarch/ifunc-wcs.h
+8 2
+1 4
+1 3
+4 2
+3 4
fe=(88)
-17 2

fl=(208) /usr/src/debug/glibc/glibc/string/../string/strstr.c
fn=(806) __GI_strstr
77 9
+5 1
-5 4
+5 2
+2 4
cob=(3)
cfi=(159)
cfn=(808)
calls=1 -84 
* 23
* 1
+1 2
-40 1
161 12

fl=(119)
fn=(398)
28 1
fi=(112)
+10 3
+2 4
+1 2
+1 3
+4 4
+3 3
+3 5
fe=(119)

fl=(136)
fn=(450)
29 1
fi=(122) /usr/src/debug/glibc/glibc/string/../sysdeps/x86_64/multiarch/ifunc-strncpy.h
+6 5
+1 3
+4 4
+3 3
+3 5
fe=(136)

fl=(195) /usr/src/debug/glibc/glibc/io/../sysdeps/unix/sysv/linux/fstat64.c
fn=(706) fstat
30 2
+9 8
+33 2

fl=(111)
fn=(380)
31 2
fi=(112)
+7 6
+2 8
+1 4
+1 6
+4 8
+3 6
+3 10
fe=(111)

fl=(186) /usr/src/debug/glibc/glibc/stdio-common/Xprintf_buffer_write.c
fn=(680) __printf_buffer_write
27 1696
+1 5088
-1 11872
+4 6784
+2 3392
+3 1696
fi=(231) /usr/src/debug/glibc/glibc/stdio-common/../string/bits/string_fortified.h
-7 1696
fe=(186)
+8 3392
fi=(231)
-8 1696
fe=(186)
+12 1696
fi=(231)
-12 1696
cfi=(180)
cfn=(640)
calls=1696 255 
* 27139
fe=(186)
+11 5088
-9 3392
+2 5088
+11 10176

fl=(96)
fn=(336)
31 1
fi=(89)
+8 2
+1 4
+1 3
+4 2
+3 4
fe=(96)
-17 2

fl=(203)
fn=(764)
206 354
+43 354
+25 354
+1 354
+1 354
+2 354
+1 354
+4 348
+4 348
+2 348
+2 348
+3 348
+9 348
+1 348
+4 348
+10 348
+1 348
+3 348
+4 696
953 44
+1 44
+3 44
+1 44
+1 44
+1 44
+2 44
+3 44
+1 44
+4 8
+1 8
+22 6
+1 6
+1 6
+1 6
+1 6
+1 6
+2 6
+35 6
+1 6
+11 6
+1 6
+3 6
+1 6
+1 6
+3 12
+20 36
+1 36
+3 6
+1 6
+1 6
+1 6
+6 6
+2 6
+3 6
+1 6

fl=(217)
fn=(876)
367 1
+1 2
cfn=(878) __pthread_mutex_unlock_usercnt
calls=1 48 
* 35

fn=(878)
48 1
+3 1
+1 2
-4 3
+9 2
+5 1
+1 2
-24 1
+1 4
+1 1
+29 1
+2 1
+32 2
-39 2
+9 2
+6 4
+4 3
+3 2

fl=(157)
fn=(844) _int_free_merge_chunk
4753 6
+5 5
-4 1
+7 3
+5 3
+4 2
-1 1
+1 2
2000 3
4777 2
+11 4
cfn=(846) _int_free_create_chunk
calls=1 +14 
* 8
+91 2
-89 7
cfn=(848) _int_free_maybe_consolidate.part.0
calls=1 +82 
* 52
-29 5

fn=(610)
3465 5
1334 10
+19 30
3474 10
+3 4
+18 4
cfn=(612) __libc_malloc2
calls=4 -66 
* 1206
-17 1
cfn=(782) tcache_malloc_init
calls=1 -96 
* 478

fn=(618) sysmalloc_mmap.isra.0
2408 6
+13 6
-13 2
+18 4
+3 18
cfi=(177) /usr/src/debug/glibc/glibc/misc/../sysdeps/unix/sysv/linux/mmap64.c
cfn=(620) mmap
calls=2 47 
* 52
* 2
+3 4
+4 4
+4 10
cfi=(178)
cfn=(622)
calls=2 60 
* 96
+16 8
+19 2
-1 2
+5 2
-4 4
+4 6
+1 10
+3 6
+1 10
+5 8
2016 8

fn=(848)
4872 11
+9 3
+3 3
+3 5
+1 4
+13 7
-13 1
cfn=(850) systrim.constprop.0
calls=1 2974 
* 18

fn=(862) munmap_chunk
3032 2
+2 2
-2 2
+4 4
+3 4
-5 2
+4 2
+1 2
+1 2
-7 2
+13 8
+1 2
-1 2
+1 8
+3 2
+1 6
+6 2
-1 4
cfi=(212) /usr/src/debug/glibc/glibc/misc/../sysdeps/unix/syscall-template.S
cfn=(864) munmap
calls=2 117 
* 12

fn=(612)
3429 36
+4 12
+28 30
-26 18
cfn=(614) _int_malloc
calls=6 3962 
* 1394
+1 30
fi=(156) /usr/src/debug/glibc/glibc/malloc/arena.c
151 8
fe=(157)

fn=(616) sysmalloc
2540 27
+20 3
-20 9
+20 3
+11 6
+1 6
-11 1
+35 1
+11 1
-10 3
+1 1
+9 5
+9 3
2929 3
+1 1
+5 2
+3 2
+5 2
-2 1
+2 1
-1 1
+1 1
-3 1
+3 1
+1 1
-1 3
+1 1
+2 1
+6 33
2573 6
+3 8
+8 8
cfn=(618)
calls=2 2408 
* 270
+1 4
+92 2
+9 4
+13 3
+8 5
+8 2
+48 4
+40 3
+22 2
+1 5
+2 2
+1 3
cfi=(196) /usr/src/debug/glibc/glibc/malloc/morecore.c
cfn=(708) __glibc_morecore
calls=1 25 
* 26
+12 3
-12 1
+12 1
2016 4
2790 2
2934 1
2717 5
cfi=(196)
cfn=(708)
calls=1 25 
* 62
+1 4
-1 1
+1 1
2016 5
2720 1
+3 2
+29 1
+2 1
-2 1
+2 3
+6 2
2884 1
-1 1
+1 3
+1 1
+11 2
2753 2
+38 3
2025 3

fn=(626) alloc_perturb
1992 6
+1 18
+2 6

fn=(784) tcache_init.part.0
3380 1
+11 1
-11 1
+11 1
cfn=(612)
calls=1 +38 
* 156
* 3
+2 2
fi=(205) /usr/src/debug/glibc/glibc/malloc/../string/bits/string_fortified.h
59 104
fe=(157)
3396 1
+1 11
-1 2
+1 8
-1 4
+1 1
+2 2

fn=(850)
2974 3
+2 1
+1 2
+5 1
+1 1
-1 2
+4 4
+2 2
-10 1
+50 1

fn=(614)
3962 48
1334 12
+19 36
4003 12
1802 6
4030 12
4608 54
4095 12
+62 71
+1 12
+19 6
+1 6
-2 6
+1 12
+1 12
-2 4
+12 30
-90 2
+2 2
-2 2
+2 4
4378 18
+2 12
+3 4
-3 4
+3 8
+1 18
+67 6
+1 6
+1 6
-1 6
+1 6
+1 12
+1 18
+5 24
3226 2
4097 12
-47 24
4467 30
-3 36
4564 6
+1 12
+2 12
+3 18
+17 9
-7 3
+1 9
cfn=(626)
calls=3 1992 
* 15
+1 3
-9 9
+2 6
-1 3
+1 3
-3 3
+3 3
+2 3
-2 12
+2 6
+25 12
cfn=(616)
calls=3 2540 
* 598
* 3
+1 6
+1 9
cfn=(626)
calls=3 1992 
* 15
* 3

fn=(838)
3501 4
+3 8
+15 8
-4 12
+10 12
+6 3
+3 3
+1 2
+2 3
3185 1
+8 1
-12 1
+4 3
+1 1
+7 1
3538 1
-4 3
-22 3
+40 6
fi=(156)
151 9
fe=(157)
3556 9
cfn=(842) _int_free_chunk
calls=3 4619 
* 276

fn=(846)
4802 2
+57 1
+1 3
+1 1
+5 1

fn=(782)
3382 3
+28 3
-23 5
cfn=(784)
calls=1 -7 
* 298
* 1
+26 1
-1 1
cfn=(612)
calls=1 +17 
* 166

fn=(842)
4619 24
1802 3
4627 6
+78 3
-3 3
+3 3
-3 6
+6 2
+6 4
cfn=(844)
calls=1 +39 
* 106
+2 1
+16 6
+10 4
cfn=(862)
calls=2 3032 
* 70
+2 6
+2 9
-12 8
+2 2
+1 2
-1 2
+1 2
+1 4

fl=(212)
fn=(864)
117 10
+5 2

fl=(194) /usr/src/debug/glibc/glibc/libio/filedoalloc.c
fn=(702) _IO_file_doallocate
68 12
+6 2
-6 6
+6 6
fi=(192) /usr/src/debug/glibc/glibc/libio/libioP.h
1036 6
+1 4
fe=(194)
74 6
cfi=(191)
cfn=(704) _IO_file_stat
calls=2 1207 
* 18
* 4
+2 8
+11 4
+4 4
cfi=(157)
cfn=(610)
calls=2 3465 
* 562
+1 4
+2 10
cfi=(193)
cfn=(716) _IO_setb
calls=2 355 
* 38
+1 2
+1 16
-15 1
fi=(232) /usr/src/debug/glibc/glibc/libio/../include/sys/sysmacros.h
-34 6
fe=(194)
+34 1
-2 2
+8 1
-3 1
+3 4

fl=(219)
fn=(888)
45 4
+3 4
-3 16
+3 6
+3 8
+4 12
-4 6
+57 10
+4 12
-4 6
+11 4
+1 4
cfi=(220) /usr/src/debug/glibc/glibc/posix/register-atfork.c
cfn=(890) __unregister_atfork
calls=2 -38 
* 36
+1 8
+1 16

fl=(100)
fn=(348)
29 1
fi=(101) /usr/src/debug/glibc/glibc/debug/../sysdeps/x86_64/multiarch/ifunc-memset.h
+32 5
+3 3
+16 2
+4 4
+8 2
fe=(100)
-63 1
fi=(101)
+71 2
-48 1
+1 2
fe=(100)

fl=(138)
fn=(458)
29 1
fi=(139) /usr/src/debug/glibc/glibc/string/../sysdeps/x86_64/multiarch/ifunc-evex.h
+8 3
+1 4
+1 3
+4 2
+8 3
+3 4
fe=(138)
-25 1

fl=(211) /usr/src/debug/glibc/glibc/io/../sysdeps/unix/sysv/linux/close_nocancel.c
fn=(836) __close_nocancel
25 1
+1 4
+1 1

fl=(120)
fn=(402)
30 1
fi=(117)
+8 3
+2 4
+1 2
+1 3
+4 4
+3 3
+3 5
fe=(120)

fl=(213) /usr/src/debug/glibc/glibc/stdlib/exit.c
fn=(868) __run_exit_handlers
45 12
+2 9
+3 2
+3 7
+11 1
+2 2
+8 3
+2 1
+1 1
-1 1
+3 7
+44 3
-49 3
+55 2
+1 2
+6 1
-66 1
+66 3
+2 2
+3 2
cfi=(222) /usr/src/debug/glibc/glibc/posix/../sysdeps/unix/sysv/linux/_exit.c
cfn=(934) _Exit
calls=1 27 
* 3
-29 1
+1 1
-2 1
+3 1
+3 1
-3 2
+3 3
+1 3
cob=(1)
cfi=(215)
cfn=(872)
calls=1 -92 
* 946
+1 4
+20 1
cfi=(193)
cfn=(922) _IO_cleanup
calls=1 882 
* 508
* 1
-88 1
cfi=(214)
cfn=(870)
calls=1 +97 
* 13
* 1

fn=(866) exit
147 2
+1 3
-1 1
+1 1
cfn=(868)
calls=1 45 
* 1556

fl=(216)
fn=(874)
77 1
+3 1
+2 1
+2 3
-7 3
+11 2
+91 1
+3 1
+2 1
+3 1
-63 1
+66 2
-93 2
+11 4
+4 1
+3 2
-71 1
+1 7
+1 1
+84 3
+1 2

fl=(86)
fn=(316)
33 1
fi=(87)
+23 3
+1 2
+3 3
+14 2
+3 2
+8 2
+8 2
+3 5
fe=(86)

fl=(92)
fn=(328)
29 1
fi=(93)
+27 3
+1 2
+3 3
+14 2
+3 2
+8 2
+8 2
+3 5
fe=(92)

fl=(84)
fn=(312)
31 1
fi=(85)
+5 1
+1 4
fe=(84)
-6 2
fi=(85)
+7 3
+4 4
+3 3
+3 4
fe=(84)

fl=(90)
fn=(324)
33 1
fi=(91)
+5 2
+1 1
-1 2
+1 2
+4 4
+3 3
+3 3
fe=(90)
-16 1

fl=(180)
fn=(640)
255 2098
+1 2098
+6 2098
+1 2098
+2 118
+1 118
+1 118
+3 117
+1 117
+1 117
+3 234
+30 1980
+1 1980
+2 1977
+1 1977
+2 1971
+4 1971
+1 1569
+1 1569
+1 1569
+1 1569
+1 613
+1 613
+2 613
+2 613
-2 956
+2 956
+6 402
+1 402
+1 402
+1 402
+1 402
+7 3
+1 3
+1 3
+1 3
+2 3
+17 6
+1 6
+1 6
+1 6
+1 6
+7 1
+1 1
+1 1
+1 1
+1 1
+1 1
+1 2
+5 1
+1 1
+5 1
+1 1
+2 1
+1 1
+1 1

fn=(740) __mempcpy_avx_unaligned_erms
242 490
+1 490
+1 490
+1 490
+17 490
+1 490
+2 117
+1 117
+1 117
+3 116
+1 116
+1 116
+3 232
+30 373
+1 373
+2 367
+1 367
+2 1
+4 1
+1 1
+1 1
+1 1
+1 1
+4 1
+2 1
+17 6
+1 6
+1 6
+1 6
+2 6
+17 366
+1 366
+1 366
+1 366
+1 366
+18 1
+1 1
+5 1
+1 1
+2 1
+1 1
+1 1
+2 1
+1 1
+1 1
+1 1
+1 1
+1 1
+1 1
+1 1
+1 1
+1 1
+1 1
+1 1
+1 1
+1 1
+1 2

fl=(222)
fn=(934)
27 3

fl=(168)
fn=(570) __internal_atexit
36 7
+5 3
+2 7
+1 2
cfn=(572) __new_exitfn
calls=1 +36 
* 30
+2 2
+9 1
+2 1
-5 1
+2 1
+2 1
-4 2
+1 1
+4 4
+1 1
+1 6

fn=(568)
67 1
+1 2
cfn=(570)
calls=1 -32 
* 70

fn=(572)
80 1
+6 2
-6 4
+11 1
-10 1
+10 4
+2 4
-2 1
+10 1
-10 3
+45 1
+5 1
-4 1
+4 2
-18 1
-1 1
+12 1

fl=(200)
fn=(728)
74 1476
+1 1476
cfn=(730) __internal_syscall_cancel
calls=492 -45 
* 6396
+4 2460
+1 1476

fn=(730)
30 2460
+7 984
+1 984
+2 984
+24 984

fl=(201)
fn=(732)
25 490
+1 1470
+5 980
+2 5390
+7 490

fl=(169)
fn=(586)
29 6
+15 4
cfi=(170)
cfn=(588)
calls=1 -16 
* 31
* 1
+2 2
+5 2
+1 2
+3 2
+3 5
cob=(5)
cfi=(173)
cfn=(594)
calls=1 -50 
* 715878
+16 2
cfi=(213)
cfn=(866)
calls=1 +73 
* 1563

fl=(103)
fn=(356)
31 1
fi=(89)
+8 2
+1 4
+1 3
+4 2
+3 4
fe=(103)
-17 2

fl=(130)
fn=(430)
31 1
fi=(112)
+7 3
+2 4
+1 2
+1 3
+4 4
+3 3
+3 5
fe=(130)

fl=(191)
fn=(928) _IO_file_setbuf@@GLIBC_2.2.5
416 6
+1 1
cfi=(193)
cfn=(930) _IO_default_setbuf
calls=1 +61 
* 69
* 2
+3 1
+4 2
-2 3
+3 3

fn=(932) _IO_file_sync@@GLIBC_2.2.5
827 6
+5 4
+2 2
+1 2
+5 2
+11 2
+4 3

fn=(802) _IO_file_open
216 11
+2 1
+1 2
-1 1
+4 1
cfi=(207)
cfn=(804)
calls=1 30 
* 58
* 1
+1 2
+3 2
+3 1
-4 1
+1 3
+3 1
-3 1
+3 1
+10 2
cfi=(193)
cfn=(794) _IO_link_in
calls=1 109 
* 14
+2 1
-1 1
+1 4

fn=(718) _IO_do_write@@GLIBC_2.2.5
458 493
+2 988
+1 2
-3 1473
+2 982
cfn=(722) new_do_write
calls=491 +6 
* 61868
* 491
+1 491
-1 1473
+1 491

fn=(724) _IO_file_write@@GLIBC_2.2.5
1234 3928
+2 1964
-1 982
+6 491
cfi=(199) /usr/src/debug/glibc/glibc/io/../sysdeps/unix/sysv/linux/write.c
cfn=(726) write
calls=491 25 
* 19149
+1 982
+6 491
-1 491
+2 491
-13 982
+4 1473
+1 982
+11 1473
+3 2946
-4 1473

fn=(722)
466 982
fi=(192)
1036 491
fe=(191)
466 2946
+2 982
+15 491
fi=(192)
1036 982
+1 982
fe=(191)
483 1964
cfn=(724)
calls=491 1234 
* 38298
+1 491
-1 491
+1 1964
+2 491
+4 982
-3 982
-1 982
+4 983
-2 1
+4 6
-4 490
+4 2940
-17 1964
+14 983

fn=(800)
247 13
+9 2
+2 6
+21 1
-8 1
+10 7
391 12
-76 6
cfn=(802)
calls=1 -99 
* 109
* 1
+3 2
+3 3
cfi=(208)
cfn=(806)
calls=1 77 
* 59
+1 2
-64 4
+23 6

fn=(834) _IO_file_close
1225 1
+3 2
cfi=(211)
cfn=(836)
calls=1 25 
* 6

fn=(694)
1259 491
+7 491
-1 982
-6 4419
+13 491
+2 491
-2 1473
+17 6
+6 978
+2 489
-2 489
+2 978
cfi=(180)
cfn=(740)
calls=489 242 
* 7210
+1 489
+1 978
-2 489
+1 489
+1 489
+2 978
+28 12
-68 2
+44 2
fi=(192)
1036 6
+1 4
fe=(191)
1305 489
fi=(192)
1036 1467
+1 1469
fe=(191)
1305 1473
cfn=(698) _IO_file_overflow@@GLIBC_2.2.5
calls=491 766 
* 80103
* 1473
+6 982
+1 1964
+2 491
-2 491
+2 982
+11 982
+1 10
cfi=(193)
cfn=(720) _IO_default_xsputn
calls=2 397 
* 2143
+2 6
-54 489
+4 489
-4 489
+1 978
+3 978
+2 1467
+2 489
+11 1467
+36 489
-17 489
+17 2445
-10 978

fn=(698)
766 528
+1 1584
-1 2640
+8 2636
+37 526
-2 1054
+3 74
+3 111
+1 111
+1 148
+4 37
+1 111
-45 4
+12 4
+9 6
+5 2
-1 2
+4 2
-3 4
+2 4
-5 2
+1 2
+4 2
+1 8
+1 1
+2 2
+2 491
+11 982
-11 491
-1 491
cfn=(718)
calls=491 458 
* 68470
+9 3
-1 1
cfn=(718)
calls=1 458 
* 140
* 2
-39 4
cfi=(193)
cfn=(700) _IO_doallocbuf
calls=2 369 
* 774
+1 4
+9 2
-9 10

fn=(792)
107 6
+5 1
-1 1
+3 1
cfi=(193)
cfn=(794)
calls=1 -5 
* 101
+1 1
+1 3

fn=(854) _IO_file_finish@@GLIBC_2.2.5
202 1
+1 2
+6 2
cfi=(193)
cfn=(856) _IO_default_finish
calls=1 628 
* 20

fn=(704)
1207 2
+1 4
cfi=(195)
cfn=(706)
calls=2 30 
* 12

fn=(830) _IO_file_close_it@@GLIBC_2.2.5
129 7
+2 3
+3 4
+1 2
+38 1
+2 1
-2 1
cfi=(193)
cfn=(832) _IO_unsave_markers
calls=1 977 
* 6
+3 3
fi=(192)
1036 3
+1 2
fe=(191)
176 2
cfn=(834)
calls=1 1225 
* 9
* 1
+3 3
+8 5
cfi=(193)
cfn=(716)
calls=1 355 
* 186
+1 1
+3 1
-3 3
+3 1
cfi=(193)
cfn=(826) _IO_un_link
calls=1 67 
* 4
+5 1
-4 1
+1 1
+3 1
-2 1
+3 7
-61 7
cfn=(718)
calls=1 458 
* 142
* 2

fl=(177)
fn=(620)
47 2
+3 4
-3 12
+6 4
+5 12
+2 8
-7 10

fl=(206) /usr/src/debug/glibc/glibc/nptl/libc-cleanup.c
fn=(796) __libc_cleanup_push_defer
24 4
+1 4
+2 8
+2 8
+3 8
+14 12
+2 4
+1 4

fn=(798) __libc_cleanup_pop_restore
54 4
+3 8
+2 12
+1 12
+11 4

fl=(123)
fn=(410)
31 2
fi=(124) /usr/src/debug/glibc/glibc/wcsmbs/../sysdeps/x86_64/multiarch/ifunc-evex.h
+6 6
+1 8
+1 6
+4 4
+8 6
+3 8
fe=(123)
-23 2

fl=(137)
fn=(454)
29 1
fi=(87)
+27 3
+1 2
+3 3
+14 2
+3 2
+8 2
+8 2
+3 5
fe=(137)

fl=(171)
fn=(590)
31 1
+2 1
+9 1
+1 2
+1 1
+4 1
+1 1
+1 1
+1 1
+1 1
+2 2
+2 1
+1 1
+1 1
+2 2
+2 1
+5 1
+1 1
+17 1
cfi=(172) /usr/src/debug/glibc/glibc/setjmp/sigjmp.c
cfn=(592) __sigjmp_save
calls=1 -57 
* 6

fl=(121)
fn=(406)
31 1
fi=(122)
+4 5
+1 3
+4 4
+3 3
+3 5
fe=(121)

fn=(416)
31 1
fi=(85)
+5 1
+1 4
fi=(126) /usr/src/debug/glibc/glibc/string/../sysdeps/x86_64/multiarch/strcasecmp.c
-6 2
fi=(85)
+7 3
+4 4
+3 3
+3 4
fe=(121)

fl=(185)
fn=(810)
53 1
+2 1
+1 1
+1 1
+1 1
+1 1
+3 1
+1 1
+4 1
+1 1
+1 1
+1 1
+1 1
+1 1
+1 1
+1 1
+3 1
+8 1
+8 1
+1 2

fn=(678)
53 1093
+2 1093
+1 1093
+1 1093
+1 1093
+1 1093
+3 1093
+1 1093
+4 1093
+1 1093
+1 1093
+1 1093
+1 1093
+1 1093
+1 1093
+1 976
+13 976
+2 1952
+12 117
+1 117
+6 117
+1 234
+48 117
+4 117
+1 117
+1 117
+1 117
+1 117
+1 117
+1 117

fl=(172)
fn=(592)
28 1
+2 2
-1 1
+5 2

fl=(197) /usr/src/debug/glibc/glibc/misc/sbrk.c
fn=(710) sbrk
37 10
+6 4
+35 3
-38 4
+18 4
+4 4
+4 1
+1 1
-1 3
+8 1
cfi=(198)
cfn=(712)
calls=1 -38 
* 9
* 3
+4 4
-19 2
cfi=(198)
cfn=(712)
calls=1 -23 
* 9
* 2
+4 4

fl=(125)
fn=(414)
67 1
-24 1
+1 4
+23 2
-22 3
+4 4
+3 3
+3 4

fl=(131)
fn=(434)
29 1
fi=(132) /usr/src/debug/glibc/glibc/string/../sysdeps/x86_64/multiarch/ifunc-memcmp.h
+5 7
fe=(131)
-5 2
fi=(132)
+6 2
+2 3
+4 2
+3 3
+3 5
fe=(131)

fl=(155) /usr/src/debug/glibc/glibc/nptl/../sysdeps/unix/sysv/linux/x86/elision-conf.c
fn=(514) __lll_elision_init
92 2
+4 1
-4 2
+4 1
-4 1
+4 4
cob=(1)
cfi=(11)
cfn=(28)
calls=1 438 
* 18
+2 4
cob=(1)
cfi=(11)
cfn=(28)
calls=1 438 
* 18
+2 4
cob=(1)
cfi=(11)
cfn=(28)
calls=1 438 
* 18
+2 4
cob=(1)
cfi=(11)
cfn=(28)
calls=1 438 
* 18
+2 4
cob=(1)
cfi=(11)
cfn=(28)
calls=1 438 
* 18
+3 3
+1 1
+1 6

fl=(110)
fn=(376)
30 1
fi=(107) /usr/src/debug/glibc/glibc/wcsmbs/../sysdeps/x86_64/multiarch/ifunc-wcslen.h
+10 1
+1 4
+1 3
+4 4
+3 3
+3 3
fe=(110)
-22 1

fl=(183) /usr/src/debug/glibc/glibc/stdio-common/vfprintf-internal.c
fn=(668) __vfprintf_internal
1521 5880
+3 490
-3 1470
+3 981
+4 2450
+11 980
+27 5390
-42 978
+18 1470
cfi=(184)
cfn=(670)
calls=490 108 
* 10780
+1 2450
cfn=(674) __printf_buffer
calls=490 601 
* 222463
+1 980
cfi=(184)
cfn=(688)
calls=490 117 
* 164013
* 490

fn=(674)
601 4900
fi=(233) /usr/src/debug/glibc/glibc/stdio-common/printf-parse.h
82 490
fe=(183)
601 980
fi=(233)
82 490
fe=(183)
601 980
+27 1470
+9 490
-9 490
+9 490
-9 490
+9 980
fi=(233)
82 490
cob=(3)
cfi=(159)
cfn=(676)
calls=490 -82 
* 11343
fe=(183)
653 490
-1 490
+1 490
fi=(233)
82 980
fe=(183)
653 490
-1 490
cfi=(186)
cfn=(680)
calls=490 27 
* 25722
+2 1470
+4 980
+4 3423
-32 489
+11 489
-8 489
+29 489
+42 2412
1043 5390
704 1206
-12 603
+6 603
+6 1206
-13 603
-1 603
+14 603
-10 603
-8 603
+11 603
+7 1206
-11 603
-8 603
-1 603
+20 1206
-21 603
-1 603
+22 603
-15 1206
1023 603
fi=(233)
82 603
fe=(183)
1017 603
fi=(233)
82 1206
cob=(3)
cfi=(159)
cfn=(676)
calls=603 -82 
* 12663
fe=(183)
1027 1206
+1 603
fi=(233)
82 603
fe=(183)
1028 603
-1 603
cfi=(186)
cfn=(680)
calls=603 27 
* 32790
+3 1668
882 120
+10 1080
-1 120
+1 840
-2 240
fi=(187) /usr/src/debug/glibc/glibc/stdio-common/vfprintf-process-arg.c
499 369
-88 3321
+5 738
+14 2583
+8 738
+25 1107
+8 1476
cfi=(186)
cfn=(680)
calls=369 27 
* 20203
+1 369
fe=(183)
783 240
fi=(187)
126 240
+1 720
-34 120
+34 120
-35 120
+2 120
+42 468
+19 2574
cfi=(188) /usr/src/debug/glibc/glibc/stdio-common/_fitoa_word.c
cfn=(684) _itoa_word
calls=234 24 
* 8437
+9 234
-3 234
-6 234
+6 234
+3 234
+6 468
-9 234
+3 234
-3 234
+2 234
+7 234
-9 702
+36 702
+39 468
-49 468
-1 468
+1 936
-32 234
+15 234
-32 234
+32 234
-15 234
+15 468
fe=(183)
863 120
fi=(187)
66 120
+1 234
fe=(183)
783 228
fi=(187)
48 228
240 936
cfi=(186)
cfn=(680)
calls=234 27 
* 12872
* 234
-45 468
-21 234
+21 234
-34 234
+34 468
+4 702
+2 702
+7 1404
fi=(189)
-45 936
fi=(187)
+67 234
-19 468
50 228
+2 228
+1 912
-18 114
+22 114
+1 114
-1 114
+1 228
-1 114
+3 114
443 738
cob=(3)
cfi=(159)
cfn=(756)
calls=369 0 
* 5906
* 738
fe=(183)

fl=(106)
fn=(368)
29 1
fi=(107)
+11 1
+1 4
+1 3
+4 4
+3 3
+3 3
fe=(106)
-23 1

fl=(129)
fn=(426)
31 1
fi=(85)
+5 1
+1 4
fe=(129)
-6 2
fi=(85)
+7 3
+4 4
+3 3
+3 4
fe=(129)

fl=(199)
fn=(726)
25 982
+1 1964
-1 491
+1 1473
cfi=(200)
cfn=(728)
calls=491 +48 
* 13257
+1 982

fl=(210)
fn=(824)
34 7
+14 3
+9 1
fi=(192)
1036 3
+1 2
fe=(210)
57 3
cfi=(191)
cfn=(854)
calls=1 202 
* 25
+1 3
+13 2
fi=(192)
962 4
+1 4
+6 2
cfi=(157)
cfn=(838)
calls=1 3501 
* 34
fe=(210)
76 6
-27 1
cfi=(193)
cfn=(826)
calls=1 +18 
* 104
+2 8
+1 2
fi=(192)
990 2
+1 10
fe=(210)
51 4
+1 1
-1 1
+2 2
cfi=(191)
cfn=(830)
calls=1 +76 
* 412
* 1
fi=(192)
990 3
fe=(210)

fl=(220)
fn=(890)
82 6
+1 4
-1 4
+1 4
fi=(221) /usr/src/debug/glibc/glibc/posix/../malloc/dynarray-skeleton.c
243 2
fe=(220)
71 4
+38 8
+1 4

fl=(196)
fn=(708)
25 2
+1 4
-1 4
+4 2
cfi=(197)
cfn=(710)
calls=2 +8 
* 68
+1 4
+4 4

fl=(151) /usr/src/debug/glibc/glibc/resource/../sysdeps/unix/sysv/linux/getrlimit64.c
fn=(506) getrlimit
38 2
+1 7
+1 1

fl=(188)
fn=(684)
24 234
+1 234
-1 234
+1 702
+4 468
+9 234
-9 702
+9 5161
+9 468

fl=(202)
fn=(752)
52 738
+13 738
+1 738
+1 738
+3 738
+2 738
+1 738
+3 737
+1 737
+8 737
+1 737
+1 737
+5 1474
511 1
+1 1
+1 1
+3 1
+15 1
+1 1
+1 1
+7 2

fl=(82)
fn=(308)
86 1
fi=(83) /usr/src/debug/glibc/glibc/string/../sysdeps/x86/cacheinfo.h
-24 1
+3 3
+2 1
+1 1
-1 2
+7 3
+2 1
+1 1
-1 2
+5 2
+3 2
+2 2
+1 2
+1 2
+2 2
fe=(82)
-4 2

fl=(156)
fn=(516) __ptmalloc_init
252 2
fi=(234) /usr/src/debug/glibc/glibc/malloc/../sysdeps/unix/sysv/linux/not-cancel.h
96 3
fe=(156)
252 3
fi=(234)
96 4
fi=(157)
3152 2
fe=(156)
276 2
+4 4
fi=(157)
1954 3
+3 1
-3 1
+3 2
-3 2
+3 126
-3 126
+3 252
-3 252
+11 1
+3 1
fe=(156)
284 2
fi=(157)
1966 1
fe=(156)
284 1
fi=(157)
1968 1
fe=(156)
284 1
cob=(1)
cfi=(11)
cfn=(28)
calls=1 438 
* 17
+1 4
cob=(1)
cfi=(11)
cfn=(28)
calls=1 438 
* 18
+1 4
cob=(1)
cfi=(11)
cfn=(28)
calls=1 438 
* 17
+1 4
cob=(1)
cfi=(11)
cfn=(28)
calls=1 438 
* 17
+1 4
cob=(1)
cfi=(11)
cfn=(28)
calls=1 438 
* 18
+1 4
cob=(1)
cfi=(11)
cfn=(28)
calls=1 438 
* 17
+1 4
cob=(1)
cfi=(11)
cfn=(28)
calls=1 438 
* 17
+2 4
cob=(1)
cfi=(11)
cfn=(28)
calls=1 438 
* 17
+1 4
cob=(1)
cfi=(11)
cfn=(28)
calls=1 438 
* 17
+1 4
cob=(1)
cfi=(11)
cfn=(28)
calls=1 438 
* 17
+3 4
cob=(1)
cfi=(11)
cfn=(28)
calls=1 438 
* 17
+1 4
cob=(1)
cfi=(11)
cfn=(28)
calls=1 438 
* 17
+2 4
+10 6

fl=(182)
fn=(666)
28 7350
+4 490
+1 980
-1 490
+1 490
-1 980
+1 490
-1 980
+1 980
cfi=(183)
cfn=(668)
calls=490 1521 
* 421265
+4 2450

fl=(193)
fn=(832)
977 1
+2 2
+5 2
+2 1

fn=(856)
628 6
+2 3
+6 3
+3 3
68 2
651 3

fn=(924) _IO_flush_all
713 5
+5 1
-5 6
+5 4
cfi=(206)
cfn=(796)
calls=1 24 
* 13
+1 6
-5 1
fi=(192)
1036 2
fe=(193)
742 39
+1 3
-21 9
+2 3
+1 27
+2 18
+7 9
+1 12
+12 7
+1 2
cfi=(206)
cfn=(798)
calls=1 54 
* 10
+4 11
-27 9
-6 1
+3 1
-8 1
+5 1
+3 2

fn=(828) __GI__IO_un_link.part.0
66 1
+6 1
-6 7
+6 4
cfi=(206)
cfn=(796)
calls=1 -48 
* 13
+1 6
+2 1
-1 1
+1 9
+2 2
+4 1
+1 1
+1 1
+1 2
+1 1
+11 4
+2 11
+1 1
-1 1
+2 6
+1 2
cfi=(206)
cfn=(798)
calls=1 -47 
* 10
+3 8
-31 3
+2 3

fn=(930)
478 2
fi=(192)
1036 1
fe=(193)
478 8
+1 1
fi=(192)
1036 2
+1 2
fe=(193)
479 2
cfi=(191)
cfn=(932)
calls=1 827 
* 21
* 2
+4 1
356 1
488 1
-7 2
358 1
492 1
363 1
-4 1
+4 1
493 1
-1 3
+2 6
-11 1
+1 2
-1 1
356 4

fn=(716)
355 15
+1 14
+3 3
+2 12
-3 3
+3 6
+3 10
-7 1
cfi=(157)
cfn=(838)
calls=1 3501 
* 154
+4 6

fn=(720)
397 22
+3 8
fi=(192)
1036 6
fe=(193)
423 1
+2 115
fi=(192)
1036 74
+1 74
fe=(193)
425 111
cfi=(191)
cfn=(698)
calls=37 766 
* 1367
* 111
+2 37
-22 156
+2 1
+1 2
+2 2
+2 2
+1 1
-1 1
cfi=(180)
cfn=(740)
calls=1 242 
* 32
* 1
+1 1
-12 2
+29 16

fn=(794)
109 8
+1 10
+24 10
-22 1
+2 1
-2 2
+2 6
cfi=(206)
cfn=(796)
calls=1 -90 
* 13
+1 9
+4 1
+3 2
-3 1
+4 2
+1 2
+2 1
+2 10
+1 1
+1 1
-2 1
+2 5
+1 2
cfi=(206)
cfn=(798)
calls=1 -77 
* 10
+3 1
-19 2
+1 1
+1 9
+11 2
-11 1

fn=(826)
67 2
+1 4
+36 2
cfn=(828)
calls=1 -38 
* 100

fn=(700)
369 2
+1 4
+2 8
-3 2
fi=(192)
1036 2
fe=(193)
369 4
+4 2
fi=(192)
1036 4
+1 4
fe=(193)
373 6
cfi=(194)
cfn=(702)
calls=2 68 
* 728
* 4
+3 4

fn=(788)
589 11
+1 1
cfn=(790) _IO_old_init
calls=1 -33 
* 26
+1 1
+1 2
+2 1
+4 1
+7 1
+2 1
-9 5
+15 1
+1 1
+1 6

fn=(922)
882 11
+1 1
cfn=(924)
calls=1 713 
* 203
-73 2
+73 1
-73 3
cfi=(206)
cfn=(796)
calls=1 24 
* 13
+1 6
fi=(192)
1036 2
fe=(193)
832 9
+2 6
+20 3
+2 36
+1 3
-43 9
+4 3
+1 27
+8 6
+2 9
+7 4
+4 1
-2 1
+3 1
-1 1
-2 1
+2 1
+5 1
fi=(192)
1036 2
+1 2
fe=(193)
845 4
cfi=(191)
cfn=(928)
calls=1 416 
* 87
+2 3
+9 2
+5 7
+1 2
cfi=(206)
cfn=(798)
calls=1 54 
* 10
+33 11
-76 9
-8 1
+3 1
-3 1
+3 2

fn=(790)
557 1
+3 2
+5 2
-7 1
+12 1
-10 1
-2 1
+2 1
+16 1
-11 1
-5 1
+16 2
+5 1
-16 5
+16 2
+1 2
+2 1

fl=(113)
fn=(384)
29 1
fi=(229)
+7 5
fe=(113)
-7 1

fl=(133)
fn=(438)
29 1
fi=(91)
+9 2
+1 1
-1 2
+1 2
+4 4
+3 3
+3 3
fe=(133)
-20 1

fl=(114)
fn=(386)
79 2
-32 2
+1 2
+1 2
-1 6
+1 4
+4 8
+3 6
+3 6
+20 2

fl=(149)
fn=(502)
35 8
+2 1
cfi=(150)
cfn=(504)
calls=1 * 
* 17
+3 1
fi=(152) /usr/src/debug/glibc/glibc/elf/../sysdeps/nptl/pthread_early_init.h
-7 2
fe=(149)
+7 1
+3 2
fi=(152)
-10 1
cfi=(151)
cfn=(506)
calls=1 +5 
* 10
* 3
+1 1
+4 5
+7 1
fi=(235) /usr/src/debug/glibc/glibc/elf/../nptl/nptl-stack.h
+16 3
fi=(152)
-16 1
fi=(235)
+16 2
fi=(152)
-7 1
fi=(235)
+7 2
fi=(152)
-9 1
-6 1
+2 2
+4 4
+1 1
+3 1
cfi=(153) /usr/src/debug/glibc/glibc/nptl/pthread_mutex_conf.c
cfn=(510) __pthread_tunables_init
calls=1 -1 
* 78
fe=(149)
-8 2
cfi=(154)
cfn=(512)
calls=1 238 
* 18
+3 1
cfi=(155)
cfn=(514)
calls=1 +41 
* 127
+4 3
+1 2
-1 1
cfi=(156)
cfn=(516)
calls=1 252 
* 1053

fl=(94)
fn=(332)
29 1
fi=(95) /usr/src/debug/glibc/glibc/wcsmbs/../sysdeps/x86_64/multiarch/ifunc-memcmp.h
+5 7
fe=(94)
-5 2
fi=(95)
+6 2
+2 3
+4 2
+3 3
+3 5
fe=(94)

fl=(97)
fn=(340)
31 2
fi=(98) /usr/src/debug/glibc/glibc/wcsmbs/../sysdeps/x86_64/multiarch/ifunc-wmemset.h
+5 10
+1 6
fe=(97)
-6 2

fl=(161)
fn=(550)
46 5
+5 2
+4 5
+8 1
-2 1
+10 1
-9 1
+1 1
+9 1
-1 1
cfi=(162)
cfn=(552)
calls=1 -41 
* 62

fl=(105)
fn=(364)
29 1
fi=(93)
+27 3
+1 2
+3 3
+14 2
+3 2
+8 2
+8 2
+3 5
fe=(105)

fl=(153)
fn=(510)
55 2
+1 1
-1 2
+1 1
-1 1
+1 4
cob=(1)
cfi=(11)
cfn=(28)
calls=1 438 
* 18
+2 4
cob=(1)
cfi=(11)
cfn=(28)
calls=1 438 
* 17
+2 4
cob=(1)
cfi=(11)
cfn=(28)
calls=1 438 
* 18
+2 6

fl=(135)
fn=(446)
29 2
fi=(112)
+9 6
+2 8
+1 4
+1 6
+4 8
+3 6
+3 10
fe=(135)

fl=(209)
fn=(816)
31 8
+1 2
-1 1
+4 5
+2 9
+1 4
fi=(192)
1036 1
fe=(209)
44 1
-1 3
fi=(192)
1036 2
+1 3
fe=(209)
44 5
cfi=(191)
cfn=(694)
calls=1 1259 
* 455
fi=(192)
990 1
fe=(209)
45 3
fi=(192)
990 1
fe=(209)
45 2
fi=(192)
990 3
+1 4
fe=(209)
74 2
+4 1
-3 1
+3 7
fi=(192)
991 6
fe=(209)
37 3

totals: 852415
